<!DOCTYPE html>
<html>

<head>
	<meta charset='utf-8' /> 
	<meta name='description' content='' />
	<meta name='robots' content='noodp, noydir' />
	<meta name='viewport' content='width=device-width, initial-scale=1' />
	<meta id="timeStampFormat" name="timeStampFormat" content='MMM d, yyyy hh:mm:ss a'/>
	
	<link href='https://fonts.googleapis.com/css?family=Source+Sans+Pro:400,600' rel='stylesheet' type='text/css' />
	<link href="https://fonts.googleapis.com/icon?family=Material+Icons" rel="stylesheet" />
	<link href='https://cdn.rawgit.com/extent-framework/extent-github-cdn/39026ad/v3html/css/extent.css' type='text/css' rel='stylesheet' />
	
	<title>Lunch Reports</title>

	<style type='text/css'>
		/* json-tree */
		.jstBracket,.jstComma,.jstValue{white-space:pre-wrap}.jstValue{font-size:10px;font-weight:400;font-family:"Lucida Console",Monaco,monospace}.jstProperty{color:#666;word-wrap:break-word}.jstBool{color:#2525CC}.jstNum{color:#D036D0}.jstNull{color:gray}.jstStr{color:#2DB669}.jstFold:after{content:' -';cursor:pointer}.jstExpand{white-space:normal}.jstExpand:after{content:' +';cursor:pointer}.jstFolded{white-space:normal!important}.jstHiddenBlock{display:none}
	</style>
	
	<script type="text/javascript">
		/*! json-tree - v0.2.2 - 2017-09-25, MIT LICENSE */
		var JSONTree=function(){var n={"&":"&amp;","<":"&lt;",">":"&gt;",'"':"&quot;","'":"&#x27;","/":"&#x2F;"},t=0,r=0;this.create=function(n,t){return r+=1,N(u(n,0,!1),{class:"jstValue"})};var e=function(t){return t.replace(/[&<>'"]/g,function(t){return n[t]})},s=function(){return r+"_"+t++},u=function(n,t,r){if(null===n)return f(r?t:0);switch(typeof n){case"boolean":return l(n,r?t:0);case"number":return i(n,r?t:0);case"string":return o(n,r?t:0);default:return n instanceof Array?a(n,t,r):c(n,t,r)}},c=function(n,t,r){var e=s(),u=Object.keys(n).map(function(r){return j(r,n[r],t+1,!0)}).join(m()),c=[g("{",r?t:0,e),N(u,{id:e}),p("}",t)].join("\n");return N(c,{})},a=function(n,t,r){var e=s(),c=n.map(function(n){return u(n,t+1,!0)}).join(m());return[g("[",r?t:0,e),N(c,{id:e}),p("]",t)].join("\n")},o=function(n,t){var r=e(JSON.stringify(n));return N(v(r,t),{class:"jstStr"})},i=function(n,t){return N(v(n,t),{class:"jstNum"})},l=function(n,t){return N(v(n,t),{class:"jstBool"})},f=function(n){return N(v("null",n),{class:"jstNull"})},j=function(n,t,r){var s=v(e(JSON.stringify(n))+": ",r),c=N(u(t,r,!1),{});return N(s+c,{class:"jstProperty"})},m=function(){return N(",\n",{class:"jstComma"})},N=function(n,t){return d("span",t,n)},d=function(n,t,r){return"<"+n+Object.keys(t).map(function(n){return" "+n+'="'+t[n]+'"'}).join("")+">"+r+"</"+n+">"},g=function(n,t,r){return N(v(n,t),{class:"jstBracket"})+N("",{class:"jstFold",onclick:"JSONTree.toggle('"+r+"')"})};this.toggle=function(n){var t=document.getElementById(n),r=t.parentNode,e=t.previousElementSibling;""===t.className?(t.className="jstHiddenBlock",r.className="jstFolded",e.className="jstExpand"):(t.className="",r.className="",e.className="jstFold")};var p=function(n,t){return N(v(n,t),{})},v=function(n,t){return Array(2*t+1).join(" ")+n};return this}();
	</script>
</head>
	<body class='extent standard default hide-overflow '>
		<div id='theme-selector' alt='Click to toggle theme. To enable by default, use theme configuration.' title='Click to toggle theme. To enable by default, use theme configuration.'>
			<span><i class='material-icons'>desktop_windows</i></span>
		</div>
<nav>
	<div class="nav-wrapper">
		<a href="#!" class="brand-logo black"><img src="https://cdn.rawgit.com/extent-framework/extent-github-cdn/d74480e/commons/img/logo.png"></a>
		<!-- slideout menu -->
		<ul id='slide-out' class='side-nav fixed hide-on-med-and-down'>
			<li class='waves-effect active'><a href='#!' view='test-view' onclick="configureView(0);chartsView('test');"><i class='material-icons'>dashboard</i></a></li>
						<li class='waves-effect'><a href='#!' view='exception-view' onclick="configureView(2)"><i class='material-icons'>bug_report</i></a></li>
			<li class='waves-effect'><a href='#!' onclick="configureView(-1);chartsView('dashboard');" view='dashboard-view'><i class='material-icons'>track_changes</i></a></li>
		</ul>
		<!-- report name -->
		<span class='report-name'>Lunch Automated Test Reports</span>
		<!-- report headline -->
		<span class='report-headline'></span>
		<!-- nav-right -->
		<ul id='nav-mobile' class='right hide-on-med-and-down nav-right'>
			<a href='#!'>
			<span class='label blue darken-3 suite-start-time'>Feb 11, 2019 04:34:45 PM</span>
			</a>
		</ul>
	</div>
</nav>		<!-- container -->
		<div class='container'>
<div id='test-view' class='view'>
	<section id='controls'>
		<div class='controls grey lighten-4'>
			<!-- test toggle -->
			<div class='chip transparent'>
				<a class='dropdown-button tests-toggle' data-activates='tests-toggle' data-constrainwidth='true' data-beloworigin='true' data-hover='true' href='#'>
				<i class='material-icons'>warning</i> Status
				</a>
				<ul id='tests-toggle' class='dropdown-content'>
										<li status='pass'><a href='#!'>Pass <i class='material-icons green-text'>check_circle</i></a></li>
					<li status='fail'><a href='#!'>Fail <i class='material-icons red-text'>cancel</i></a></li>
					<li class='divider'></li>
					<li status='clear' clear='true'><a href='#!'>Clear Filters <i class='material-icons'>clear</i></a></li>
				</ul>
			</div>
			<!-- test toggle -->
			<!-- category toggle -->
			<!-- category toggle -->
			<!-- clear filters -->
			<div class='chip transparent hide'>
				<a class='' id='clear-filters' alt='Clear Filters' title='Clear Filters'>
				<i class='material-icons'>close</i> Clear
				</a>
			</div>
			<!-- clear filters -->
			<!-- enable dashboard -->
			<div id='toggle-test-view-charts' class='chip transparent'>
				<a class='pink-text' id='enable-dashboard' alt='Enable Dashboard' title='Enable Dashboard'>
				<i class='material-icons'>track_changes</i> Dashboard
				</a>
			</div>
			<!-- enable dashboard -->
			<!-- search -->
			<div class='chip transparent' alt='Search Tests' title='Search Tests'>
				<a href="#" class='search-div'>
				<i class='material-icons'>search</i> Search
				</a>
				<div class='input-field left hide'>
					<input id='search-tests' type='text' class='validate browser-default' placeholder='Search Tests...'>
				</div>
			</div>
			<!-- search -->
		</div>
	</section>
<div id='test-view-charts' class='subview-full'>
    <div id='charts-row' class='row nm-v nm-h'>
        <div class='col s12 m12 l12 np-h'>
            <div class='card-panel nm-v'>
                <div class='left panel-name'>Tests</div>
                <div class='chart-box' style="max-height:94px;">
                    <canvas id='parent-analysis' width='90' height='70'></canvas>
                </div>
                <div class='block text-small'>
                    <span class='tooltipped' data-position='top' data-tooltip='82.759%'><span class='strong'>24</span> test(s) passed</span>
                </div>
                <div class='block text-small'>
                    <span class='strong tooltipped' data-position='top' data-tooltip='17.241%'>5</span> test(s) failed, <span class='strong tooltipped' data-position='top' data-tooltip='0%'>0</span> others
                </div>
            </div>
        </div>
    </div>
    <div id="timeline-chart" class="row nm-v nm-h">
        <div class="col s12 m12 l12 np-h">
            <div class="card-panel">
                <div class='left panel-name'>Timeline (seconds)</div>
                <div class="chart-box" style="width:98%;max-height:145px;">
                    <canvas id="timeline" height="120"></canvas>
                </div>
            </div>
        </div>
    </div>
</div>	<div class='subview-left left'>
		<div class='view-summary'>
			<ul id='test-collection' class='test-collection'>
				<li class='test displayed active  pass' status='pass' bdd='false' test-id='1'>
					<div class='test-heading'>
						<span class='test-name'>Positive Login Test as a Manager</span>
						<span class='test-time'>Feb 11, 2019 04:34:48 PM</span>
						<span class='test-status right pass'>pass</span>
					</div>
					<div class='test-content hide'>
<div class='test-time-info'>
	<span class='label start-time'>Feb 11, 2019 04:34:48 PM</span>
	<span class='label end-time'>Feb 11, 2019 04:34:48 PM</span>
	<span class='label time-taken grey lighten-1 white-text'>0h 0m 0s+0ms</span>
</div>
<div class='test-steps'>
	<table class='bordered table-results'>
		<thead>
			<tr>
				<th>Status</th>
				<th>Timestamp</th>
				<th>Details</th>
			</tr>
		</thead>
		<tbody>
			<tr class='log' status='info'>
				<td class='status info' title='info' alt='info'><i class='material-icons'>info_outline</i></td>
				<td class='timestamp'>4:34:48 PM</td>
				<td class='step-details'>
						Logging to the application
					
				</td>
			</tr>
			<tr class='log' status='info'>
				<td class='status info' title='info' alt='info'><i class='material-icons'>info_outline</i></td>
				<td class='timestamp'>4:35:01 PM</td>
				<td class='step-details'>
						Verifying title of pages
					
				</td>
			</tr>
			<tr class='log' status='pass'>
				<td class='status pass' title='pass' alt='pass'><i class='material-icons'>check_circle</i></td>
				<td class='timestamp'>4:35:01 PM</td>
				<td class='step-details'>
						Positive Login Test as a Manager
					
				</td>
			</tr>
		</tbody>
	</table>
</div>
					</div>
				</li>
				<li class='test displayed active  pass' status='pass' bdd='false' test-id='2'>
					<div class='test-heading'>
						<span class='test-name'>Positive Login Test as a User</span>
						<span class='test-time'>Feb 11, 2019 04:35:09 PM</span>
						<span class='test-status right pass'>pass</span>
					</div>
					<div class='test-content hide'>
<div class='test-time-info'>
	<span class='label start-time'>Feb 11, 2019 04:35:09 PM</span>
	<span class='label end-time'>Feb 11, 2019 04:35:09 PM</span>
	<span class='label time-taken grey lighten-1 white-text'>0h 0m 0s+0ms</span>
</div>
<div class='test-steps'>
	<table class='bordered table-results'>
		<thead>
			<tr>
				<th>Status</th>
				<th>Timestamp</th>
				<th>Details</th>
			</tr>
		</thead>
		<tbody>
			<tr class='log' status='info'>
				<td class='status info' title='info' alt='info'><i class='material-icons'>info_outline</i></td>
				<td class='timestamp'>4:35:09 PM</td>
				<td class='step-details'>
						Logging to the application
					
				</td>
			</tr>
			<tr class='log' status='pass'>
				<td class='status pass' title='pass' alt='pass'><i class='material-icons'>check_circle</i></td>
				<td class='timestamp'>4:35:12 PM</td>
				<td class='step-details'>
						Positive Login Test as a User
					
				</td>
			</tr>
		</tbody>
	</table>
</div>
					</div>
				</li>
				<li class='test displayed active  pass' status='pass' bdd='false' test-id='3'>
					<div class='test-heading'>
						<span class='test-name'>Alerts Page check list check</span>
						<span class='test-time'>Feb 11, 2019 04:35:18 PM</span>
						<span class='test-status right pass'>pass</span>
					</div>
					<div class='test-content hide'>
<div class='test-time-info'>
	<span class='label start-time'>Feb 11, 2019 04:35:18 PM</span>
	<span class='label end-time'>Feb 11, 2019 04:35:18 PM</span>
	<span class='label time-taken grey lighten-1 white-text'>0h 0m 0s+0ms</span>
</div>
<div class='test-steps'>
	<table class='bordered table-results'>
		<thead>
			<tr>
				<th>Status</th>
				<th>Timestamp</th>
				<th>Details</th>
			</tr>
		</thead>
		<tbody>
			<tr class='log' status='info'>
				<td class='status info' title='info' alt='info'><i class='material-icons'>info_outline</i></td>
				<td class='timestamp'>4:35:18 PM</td>
				<td class='step-details'>
						Logging to the application
					
				</td>
			</tr>
			<tr class='log' status='info'>
				<td class='status info' title='info' alt='info'><i class='material-icons'>info_outline</i></td>
				<td class='timestamp'>4:35:22 PM</td>
				<td class='step-details'>
						Going to lunch page
					
				</td>
			</tr>
			<tr class='log' status='info'>
				<td class='status info' title='info' alt='info'><i class='material-icons'>info_outline</i></td>
				<td class='timestamp'>4:35:27 PM</td>
				<td class='step-details'>
						Getting past error
					
				</td>
			</tr>
			<tr class='log' status='info'>
				<td class='status info' title='info' alt='info'><i class='material-icons'>info_outline</i></td>
				<td class='timestamp'>4:35:28 PM</td>
				<td class='step-details'>
						Going to Alerts section.
					
				</td>
			</tr>
		</tbody>
	</table>
</div>
					</div>
				</li>
				<li class='test displayed active  pass' status='pass' bdd='false' test-id='4'>
					<div class='test-heading'>
						<span class='test-name'>Alerts Page check list check</span>
						<span class='test-time'>Feb 11, 2019 04:35:36 PM</span>
						<span class='test-status right pass'>pass</span>
					</div>
					<div class='test-content hide'>
<div class='test-time-info'>
	<span class='label start-time'>Feb 11, 2019 04:35:36 PM</span>
	<span class='label end-time'>Feb 11, 2019 04:35:36 PM</span>
	<span class='label time-taken grey lighten-1 white-text'>0h 0m 0s+0ms</span>
</div>
<div class='test-steps'>
	<table class='bordered table-results'>
		<thead>
			<tr>
				<th>Status</th>
				<th>Timestamp</th>
				<th>Details</th>
			</tr>
		</thead>
		<tbody>
			<tr class='log' status='info'>
				<td class='status info' title='info' alt='info'><i class='material-icons'>info_outline</i></td>
				<td class='timestamp'>4:35:36 PM</td>
				<td class='step-details'>
						Logging to the application
					
				</td>
			</tr>
			<tr class='log' status='info'>
				<td class='status info' title='info' alt='info'><i class='material-icons'>info_outline</i></td>
				<td class='timestamp'>4:35:40 PM</td>
				<td class='step-details'>
						Going to lunch page
					
				</td>
			</tr>
			<tr class='log' status='info'>
				<td class='status info' title='info' alt='info'><i class='material-icons'>info_outline</i></td>
				<td class='timestamp'>4:35:45 PM</td>
				<td class='step-details'>
						Getting past error
					
				</td>
			</tr>
			<tr class='log' status='info'>
				<td class='status info' title='info' alt='info'><i class='material-icons'>info_outline</i></td>
				<td class='timestamp'>4:35:46 PM</td>
				<td class='step-details'>
						Going to Alerts section.
					
				</td>
			</tr>
		</tbody>
	</table>
</div>
					</div>
				</li>
				<li class='test displayed active  pass' status='pass' bdd='false' test-id='5'>
					<div class='test-heading'>
						<span class='test-name'>Alerts Page check list check</span>
						<span class='test-time'>Feb 11, 2019 04:35:55 PM</span>
						<span class='test-status right pass'>pass</span>
					</div>
					<div class='test-content hide'>
<div class='test-time-info'>
	<span class='label start-time'>Feb 11, 2019 04:35:55 PM</span>
	<span class='label end-time'>Feb 11, 2019 04:35:55 PM</span>
	<span class='label time-taken grey lighten-1 white-text'>0h 0m 0s+0ms</span>
</div>
<div class='test-steps'>
	<table class='bordered table-results'>
		<thead>
			<tr>
				<th>Status</th>
				<th>Timestamp</th>
				<th>Details</th>
			</tr>
		</thead>
		<tbody>
			<tr class='log' status='info'>
				<td class='status info' title='info' alt='info'><i class='material-icons'>info_outline</i></td>
				<td class='timestamp'>4:35:55 PM</td>
				<td class='step-details'>
						Logging to the application
					
				</td>
			</tr>
			<tr class='log' status='info'>
				<td class='status info' title='info' alt='info'><i class='material-icons'>info_outline</i></td>
				<td class='timestamp'>4:35:59 PM</td>
				<td class='step-details'>
						Going to lunch page
					
				</td>
			</tr>
			<tr class='log' status='info'>
				<td class='status info' title='info' alt='info'><i class='material-icons'>info_outline</i></td>
				<td class='timestamp'>4:36:04 PM</td>
				<td class='step-details'>
						Getting past error
					
				</td>
			</tr>
			<tr class='log' status='info'>
				<td class='status info' title='info' alt='info'><i class='material-icons'>info_outline</i></td>
				<td class='timestamp'>4:36:05 PM</td>
				<td class='step-details'>
						Going to Alerts section.
					
				</td>
			</tr>
			<tr class='log' status='info'>
				<td class='status info' title='info' alt='info'><i class='material-icons'>info_outline</i></td>
				<td class='timestamp'>4:36:05 PM</td>
				<td class='step-details'>
						checking all buttons
					
				</td>
			</tr>
			<tr class='log' status='info'>
				<td class='status info' title='info' alt='info'><i class='material-icons'>info_outline</i></td>
				<td class='timestamp'>4:36:06 PM</td>
				<td class='step-details'>
						Verifying all checklists selected
					
				</td>
			</tr>
			<tr class='log' status='pass'>
				<td class='status pass' title='pass' alt='pass'><i class='material-icons'>check_circle</i></td>
				<td class='timestamp'>4:36:06 PM</td>
				<td class='step-details'>
						Succesfully all checked
					
				</td>
			</tr>
		</tbody>
	</table>
</div>
					</div>
				</li>
				<li class='test displayed active  pass' status='pass' bdd='false' test-id='6'>
					<div class='test-heading'>
						<span class='test-name'>Alerts Page check list check</span>
						<span class='test-time'>Feb 11, 2019 04:36:13 PM</span>
						<span class='test-status right pass'>pass</span>
					</div>
					<div class='test-content hide'>
<div class='test-time-info'>
	<span class='label start-time'>Feb 11, 2019 04:36:13 PM</span>
	<span class='label end-time'>Feb 11, 2019 04:36:13 PM</span>
	<span class='label time-taken grey lighten-1 white-text'>0h 0m 0s+0ms</span>
</div>
<div class='test-steps'>
	<table class='bordered table-results'>
		<thead>
			<tr>
				<th>Status</th>
				<th>Timestamp</th>
				<th>Details</th>
			</tr>
		</thead>
		<tbody>
			<tr class='log' status='info'>
				<td class='status info' title='info' alt='info'><i class='material-icons'>info_outline</i></td>
				<td class='timestamp'>4:36:13 PM</td>
				<td class='step-details'>
						Logging to the application
					
				</td>
			</tr>
			<tr class='log' status='info'>
				<td class='status info' title='info' alt='info'><i class='material-icons'>info_outline</i></td>
				<td class='timestamp'>4:36:18 PM</td>
				<td class='step-details'>
						Going to lunch page
					
				</td>
			</tr>
			<tr class='log' status='info'>
				<td class='status info' title='info' alt='info'><i class='material-icons'>info_outline</i></td>
				<td class='timestamp'>4:36:23 PM</td>
				<td class='step-details'>
						Getting past error
					
				</td>
			</tr>
			<tr class='log' status='info'>
				<td class='status info' title='info' alt='info'><i class='material-icons'>info_outline</i></td>
				<td class='timestamp'>4:36:24 PM</td>
				<td class='step-details'>
						Going to Alerts section.
					
				</td>
			</tr>
			<tr class='log' status='info'>
				<td class='status info' title='info' alt='info'><i class='material-icons'>info_outline</i></td>
				<td class='timestamp'>4:36:25 PM</td>
				<td class='step-details'>
						checking all buttons
					
				</td>
			</tr>
			<tr class='log' status='info'>
				<td class='status info' title='info' alt='info'><i class='material-icons'>info_outline</i></td>
				<td class='timestamp'>4:36:26 PM</td>
				<td class='step-details'>
						export
					
				</td>
			</tr>
			<tr class='log' status='info'>
				<td class='status info' title='info' alt='info'><i class='material-icons'>info_outline</i></td>
				<td class='timestamp'>4:36:27 PM</td>
				<td class='step-details'>
						Exporting to file
					
				</td>
			</tr>
			<tr class='log' status='info'>
				<td class='status info' title='info' alt='info'><i class='material-icons'>info_outline</i></td>
				<td class='timestamp'>4:36:28 PM</td>
				<td class='step-details'>
						Closing the export section
					
				</td>
			</tr>
			<tr class='log' status='pass'>
				<td class='status pass' title='pass' alt='pass'><i class='material-icons'>check_circle</i></td>
				<td class='timestamp'>4:36:28 PM</td>
				<td class='step-details'>
						Succesfully all checked
					
				</td>
			</tr>
		</tbody>
	</table>
</div>
					</div>
				</li>
				<li class='test displayed active  pass' status='pass' bdd='false' test-id='7'>
					<div class='test-heading'>
						<span class='test-name'>Compare the total amounts of the accounts</span>
						<span class='test-time'>Feb 11, 2019 04:36:35 PM</span>
						<span class='test-status right pass'>pass</span>
					</div>
					<div class='test-content hide'>
<div class='test-time-info'>
	<span class='label start-time'>Feb 11, 2019 04:36:35 PM</span>
	<span class='label end-time'>Feb 11, 2019 04:36:35 PM</span>
	<span class='label time-taken grey lighten-1 white-text'>0h 0m 0s+1ms</span>
</div>
<div class='test-steps'>
	<table class='bordered table-results'>
		<thead>
			<tr>
				<th>Status</th>
				<th>Timestamp</th>
				<th>Details</th>
			</tr>
		</thead>
		<tbody>
			<tr class='log' status='info'>
				<td class='status info' title='info' alt='info'><i class='material-icons'>info_outline</i></td>
				<td class='timestamp'>4:36:35 PM</td>
				<td class='step-details'>
						Logging to the application
					
				</td>
			</tr>
			<tr class='log' status='info'>
				<td class='status info' title='info' alt='info'><i class='material-icons'>info_outline</i></td>
				<td class='timestamp'>4:36:40 PM</td>
				<td class='step-details'>
						Going to lunch page
					
				</td>
			</tr>
			<tr class='log' status='info'>
				<td class='status info' title='info' alt='info'><i class='material-icons'>info_outline</i></td>
				<td class='timestamp'>4:36:45 PM</td>
				<td class='step-details'>
						Getting past error
					
				</td>
			</tr>
			<tr class='log' status='info'>
				<td class='status info' title='info' alt='info'><i class='material-icons'>info_outline</i></td>
				<td class='timestamp'>4:36:46 PM</td>
				<td class='step-details'>
						Going to Control Accounts section.
					
				</td>
			</tr>
			<tr class='log' status='info'>
				<td class='status info' title='info' alt='info'><i class='material-icons'>info_outline</i></td>
				<td class='timestamp'>4:36:47 PM</td>
				<td class='step-details'>
						Getting total amount
					
				</td>
			</tr>
			<tr class='log' status='info'>
				<td class='status info' title='info' alt='info'><i class='material-icons'>info_outline</i></td>
				<td class='timestamp'>4:36:49 PM</td>
				<td class='step-details'>
						Verifying the total amounts equal
					
				</td>
			</tr>
			<tr class='log' status='pass'>
				<td class='status pass' title='pass' alt='pass'><i class='material-icons'>check_circle</i></td>
				<td class='timestamp'>4:36:49 PM</td>
				<td class='step-details'>
						Succesfull compare amount test
					
				</td>
			</tr>
		</tbody>
	</table>
</div>
					</div>
				</li>
				<li class='test displayed active  pass' status='pass' bdd='false' test-id='8'>
					<div class='test-heading'>
						<span class='test-name'>Create Register Test</span>
						<span class='test-time'>Feb 11, 2019 04:36:56 PM</span>
						<span class='test-status right pass'>pass</span>
					</div>
					<div class='test-content hide'>
<div class='test-time-info'>
	<span class='label start-time'>Feb 11, 2019 04:36:56 PM</span>
	<span class='label end-time'>Feb 11, 2019 04:36:56 PM</span>
	<span class='label time-taken grey lighten-1 white-text'>0h 0m 0s+0ms</span>
</div>
<div class='test-steps'>
	<table class='bordered table-results'>
		<thead>
			<tr>
				<th>Status</th>
				<th>Timestamp</th>
				<th>Details</th>
			</tr>
		</thead>
		<tbody>
			<tr class='log' status='info'>
				<td class='status info' title='info' alt='info'><i class='material-icons'>info_outline</i></td>
				<td class='timestamp'>4:36:56 PM</td>
				<td class='step-details'>
						Logging to application
					
				</td>
			</tr>
			<tr class='log' status='info'>
				<td class='status info' title='info' alt='info'><i class='material-icons'>info_outline</i></td>
				<td class='timestamp'>4:37:01 PM</td>
				<td class='step-details'>
						Going to lunch page
					
				</td>
			</tr>
			<tr class='log' status='info'>
				<td class='status info' title='info' alt='info'><i class='material-icons'>info_outline</i></td>
				<td class='timestamp'>4:37:06 PM</td>
				<td class='step-details'>
						Getting past error
					
				</td>
			</tr>
			<tr class='log' status='info'>
				<td class='status info' title='info' alt='info'><i class='material-icons'>info_outline</i></td>
				<td class='timestamp'>4:37:07 PM</td>
				<td class='step-details'>
						Going to Employee Payments
					
				</td>
			</tr>
			<tr class='log' status='info'>
				<td class='status info' title='info' alt='info'><i class='material-icons'>info_outline</i></td>
				<td class='timestamp'>4:37:07 PM</td>
				<td class='step-details'>
						Going to Create
					
				</td>
			</tr>
			<tr class='log' status='info'>
				<td class='status info' title='info' alt='info'><i class='material-icons'>info_outline</i></td>
				<td class='timestamp'>4:37:08 PM</td>
				<td class='step-details'>
						Adding amount:$50
					
				</td>
			</tr>
			<tr class='log' status='info'>
				<td class='status info' title='info' alt='info'><i class='material-icons'>info_outline</i></td>
				<td class='timestamp'>4:37:09 PM</td>
				<td class='step-details'>
						Description note
					
				</td>
			</tr>
			<tr class='log' status='info'>
				<td class='status info' title='info' alt='info'><i class='material-icons'>info_outline</i></td>
				<td class='timestamp'>4:37:09 PM</td>
				<td class='step-details'>
						Going to Save
					
				</td>
			</tr>
			<tr class='log' status='info'>
				<td class='status info' title='info' alt='info'><i class='material-icons'>info_outline</i></td>
				<td class='timestamp'>4:37:09 PM</td>
				<td class='step-details'>
						Verify note is display on page
					
				</td>
			</tr>
			<tr class='log' status='pass'>
				<td class='status pass' title='pass' alt='pass'><i class='material-icons'>check_circle</i></td>
				<td class='timestamp'>4:37:09 PM</td>
				<td class='step-details'>
						Successful save register cash
					
				</td>
			</tr>
		</tbody>
	</table>
</div>
					</div>
				</li>
				<li class='test displayed active  fail' status='fail' bdd='false' test-id='9'>
					<div class='test-heading'>
						<span class='test-name'>Export already created register cash moves.</span>
						<span class='test-time'>Feb 11, 2019 04:37:16 PM</span>
						<span class='test-status right fail'>fail</span>
					</div>
					<div class='test-content hide'>
<div class='test-time-info'>
	<span class='label start-time'>Feb 11, 2019 04:37:16 PM</span>
	<span class='label end-time'>Feb 11, 2019 04:37:16 PM</span>
	<span class='label time-taken grey lighten-1 white-text'>0h 0m 0s+0ms</span>
</div>
<div class='test-steps'>
	<table class='bordered table-results'>
		<thead>
			<tr>
				<th>Status</th>
				<th>Timestamp</th>
				<th>Details</th>
			</tr>
		</thead>
		<tbody>
			<tr class='log' status='info'>
				<td class='status info' title='info' alt='info'><i class='material-icons'>info_outline</i></td>
				<td class='timestamp'>4:37:21 PM</td>
				<td class='step-details'>
						Going to lunch page
					
				</td>
			</tr>
			<tr class='log' status='info'>
				<td class='status info' title='info' alt='info'><i class='material-icons'>info_outline</i></td>
				<td class='timestamp'>4:37:26 PM</td>
				<td class='step-details'>
						Getting past error
					
				</td>
			</tr>
			<tr class='log' status='info'>
				<td class='status info' title='info' alt='info'><i class='material-icons'>info_outline</i></td>
				<td class='timestamp'>4:37:27 PM</td>
				<td class='step-details'>
						Going to Employee Payments
					
				</td>
			</tr>
			<tr class='log' status='info'>
				<td class='status info' title='info' alt='info'><i class='material-icons'>info_outline</i></td>
				<td class='timestamp'>4:37:27 PM</td>
				<td class='step-details'>
						Going to Employee Payments
					
				</td>
			</tr>
			<tr class='log' status='info'>
				<td class='status info' title='info' alt='info'><i class='material-icons'>info_outline</i></td>
				<td class='timestamp'>4:37:27 PM</td>
				<td class='step-details'>
						Select checkbox on 01/21/2019
					
				</td>
			</tr>
			<tr class='log' status='info'>
				<td class='status info' title='info' alt='info'><i class='material-icons'>info_outline</i></td>
				<td class='timestamp'>4:37:29 PM</td>
				<td class='step-details'>
						Going to Action
					
				</td>
			</tr>
			<tr class='log' status='info'>
				<td class='status info' title='info' alt='info'><i class='material-icons'>info_outline</i></td>
				<td class='timestamp'>4:37:29 PM</td>
				<td class='step-details'>
						Going to delete
					
				</td>
			</tr>
			<tr class='log' status='fail'>
				<td class='status fail' title='fail' alt='fail'><i class='material-icons'>cancel</i></td>
				<td class='timestamp'>4:37:30 PM</td>
				<td class='step-details'>
						exportCvs
					
				</td>
			</tr>
			<tr class='log' status='fail'>
				<td class='status fail' title='fail' alt='fail'><i class='material-icons'>cancel</i></td>
				<td class='timestamp'>4:37:30 PM</td>
				<td class='step-details'>
						<textarea disabled class="code-block">org.openqa.selenium.StaleElementReferenceException: stale element reference: element is not attached to the page document
  (Session info: chrome=71.0.3578.98)
  (Driver info: chromedriver=73.0.3683.20 (8e2b610813e167eee3619ac4ce6e42e3ec622017),platform=Windows NT 10.0.17134 x86_64) (WARNING: The server did not provide any stacktrace information)
Command duration or timeout: 0 milliseconds
For documentation on this error, please visit: https://www.seleniumhq.org/exceptions/stale_element_reference.html
Build info: version: '3.141.59', revision: 'e82be7d358', time: '2018-11-14T08:17:03'
System info: host: 'BEASTPUTER', ip: '192.168.1.152', os.name: 'Windows 10', os.arch: 'amd64', os.version: '10.0', java.version: '1.8.0_191'
Driver info: org.openqa.selenium.chrome.ChromeDriver
Capabilities {acceptInsecureCerts: false, acceptSslCerts: false, applicationCacheEnabled: false, browserConnectionEnabled: false, browserName: chrome, chrome: {chromedriverVersion: 73.0.3683.20 (8e2b610813e16..., userDataDir: C:\Users\Roger\AppData\Loca...}, cssSelectorsEnabled: true, databaseEnabled: false, goog:chromeOptions: {debuggerAddress: localhost:57494}, handlesAlerts: true, hasTouchScreen: false, javascriptEnabled: true, locationContextEnabled: true, mobileEmulationEnabled: false, nativeEvents: true, networkConnectionEnabled: false, pageLoadStrategy: normal, platform: XP, platformName: XP, proxy: Proxy(), rotatable: false, setWindowRect: true, strictFileInteractability: false, takesHeapSnapshot: true, takesScreenshot: true, timeouts: {implicit: 0, pageLoad: 300000, script: 30000}, unexpectedAlertBehaviour: ignore, unhandledPromptBehavior: ignore, version: 71.0.3578.98, webStorageEnabled: true}
Session ID: 4edf1a5698164b0ccefc0e822ee31750
	at sun.reflect.NativeConstructorAccessorImpl.newInstance0(Native Method)
	at sun.reflect.NativeConstructorAccessorImpl.newInstance(NativeConstructorAccessorImpl.java:62)
	at sun.reflect.DelegatingConstructorAccessorImpl.newInstance(DelegatingConstructorAccessorImpl.java:45)
	at java.lang.reflect.Constructor.newInstance(Constructor.java:423)
	at org.openqa.selenium.remote.ErrorHandler.createThrowable(ErrorHandler.java:214)
	at org.openqa.selenium.remote.ErrorHandler.throwIfResponseFailed(ErrorHandler.java:166)
	at org.openqa.selenium.remote.http.JsonHttpResponseCodec.reconstructValue(JsonHttpResponseCodec.java:40)
	at org.openqa.selenium.remote.http.AbstractHttpResponseCodec.decode(AbstractHttpResponseCodec.java:80)
	at org.openqa.selenium.remote.http.AbstractHttpResponseCodec.decode(AbstractHttpResponseCodec.java:44)
	at org.openqa.selenium.remote.HttpCommandExecutor.execute(HttpCommandExecutor.java:158)
	at org.openqa.selenium.remote.service.DriverCommandExecutor.execute(DriverCommandExecutor.java:83)
	at org.openqa.selenium.remote.RemoteWebDriver.execute(RemoteWebDriver.java:552)
	at org.openqa.selenium.remote.RemoteWebElement.execute(RemoteWebElement.java:285)
	at org.openqa.selenium.remote.RemoteWebElement.click(RemoteWebElement.java:84)
	at sun.reflect.GeneratedMethodAccessor1.invoke(Unknown Source)
	at sun.reflect.DelegatingMethodAccessorImpl.invoke(DelegatingMethodAccessorImpl.java:43)
	at java.lang.reflect.Method.invoke(Method.java:498)
	at org.openqa.selenium.support.pagefactory.internal.LocatingElementHandler.invoke(LocatingElementHandler.java:51)
	at com.sun.proxy.$Proxy10.click(Unknown Source)
	at com.lunch.pages.EmployeePaymentsPage.clickDelete(EmployeePaymentsPage.java:90)
	at com.lunch.tests.functional_tests.lunch.employeePaymentTab.deleteRegisterCash.exportCvs(deleteRegisterCash.java:33)
	at sun.reflect.NativeMethodAccessorImpl.invoke0(Native Method)
	at sun.reflect.NativeMethodAccessorImpl.invoke(NativeMethodAccessorImpl.java:62)
	at sun.reflect.DelegatingMethodAccessorImpl.invoke(DelegatingMethodAccessorImpl.java:43)
	at java.lang.reflect.Method.invoke(Method.java:498)
	at org.testng.internal.MethodInvocationHelper.invokeMethod(MethodInvocationHelper.java:124)
	at org.testng.internal.Invoker.invokeMethod(Invoker.java:583)
	at org.testng.internal.Invoker.invokeTestMethod(Invoker.java:719)
	at org.testng.internal.Invoker.invokeTestMethods(Invoker.java:989)
	at org.testng.internal.TestMethodWorker.invokeTestMethods(TestMethodWorker.java:125)
	at org.testng.internal.TestMethodWorker.run(TestMethodWorker.java:109)
	at org.testng.TestRunner.privateRun(TestRunner.java:648)
	at org.testng.TestRunner.run(TestRunner.java:505)
	at org.testng.SuiteRunner.runTest(SuiteRunner.java:455)
	at org.testng.SuiteRunner.runSequentially(SuiteRunner.java:450)
	at org.testng.SuiteRunner.privateRun(SuiteRunner.java:415)
	at org.testng.SuiteRunner.run(SuiteRunner.java:364)
	at org.testng.SuiteRunnerWorker.runSuite(SuiteRunnerWorker.java:52)
	at org.testng.SuiteRunnerWorker.run(SuiteRunnerWorker.java:84)
	at org.testng.TestNG.runSuitesSequentially(TestNG.java:1208)
	at org.testng.TestNG.runSuitesLocally(TestNG.java:1137)
	at org.testng.TestNG.runSuites(TestNG.java:1049)
	at org.testng.TestNG.run(TestNG.java:1017)
	at org.testng.IDEARemoteTestNG.run(IDEARemoteTestNG.java:73)
	at org.testng.RemoteTestNGStarter.main(RemoteTestNGStarter.java:123)
</textarea>
					
				</td>
			</tr>
		</tbody>
	</table>
</div>
						<ul class='screenshots'>
							<li><img class='r-img' onerror='this.style.display="none"' data-featherlight='C:\Users\Roger\Documents\parallel-multi-browser-testng-framework\Framework_28/test-output/ScreenshotsexportCvs20190211043729.png' src='C:\Users\Roger\Documents\parallel-multi-browser-testng-framework\Framework_28/test-output/ScreenshotsexportCvs20190211043729.png' data-src='C:\Users\Roger\Documents\parallel-multi-browser-testng-framework\Framework_28/test-output/ScreenshotsexportCvs20190211043729.png'></li>
						</ul>
					</div>
				</li>
				<li class='test displayed active  pass' status='pass' bdd='false' test-id='10'>
					<div class='test-heading'>
						<span class='test-name'>Export already created register cash moves.</span>
						<span class='test-time'>Feb 11, 2019 04:37:36 PM</span>
						<span class='test-status right pass'>pass</span>
					</div>
					<div class='test-content hide'>
<div class='test-time-info'>
	<span class='label start-time'>Feb 11, 2019 04:37:36 PM</span>
	<span class='label end-time'>Feb 11, 2019 04:37:36 PM</span>
	<span class='label time-taken grey lighten-1 white-text'>0h 0m 0s+0ms</span>
</div>
<div class='test-steps'>
	<table class='bordered table-results'>
		<thead>
			<tr>
				<th>Status</th>
				<th>Timestamp</th>
				<th>Details</th>
			</tr>
		</thead>
		<tbody>
			<tr class='log' status='info'>
				<td class='status info' title='info' alt='info'><i class='material-icons'>info_outline</i></td>
				<td class='timestamp'>4:37:42 PM</td>
				<td class='step-details'>
						Going to lunch page
					
				</td>
			</tr>
			<tr class='log' status='info'>
				<td class='status info' title='info' alt='info'><i class='material-icons'>info_outline</i></td>
				<td class='timestamp'>4:37:47 PM</td>
				<td class='step-details'>
						Getting past error
					
				</td>
			</tr>
			<tr class='log' status='info'>
				<td class='status info' title='info' alt='info'><i class='material-icons'>info_outline</i></td>
				<td class='timestamp'>4:37:48 PM</td>
				<td class='step-details'>
						Going to Employee Payments
					
				</td>
			</tr>
			<tr class='log' status='info'>
				<td class='status info' title='info' alt='info'><i class='material-icons'>info_outline</i></td>
				<td class='timestamp'>4:37:48 PM</td>
				<td class='step-details'>
						Select checkbox on 01/21/2019
					
				</td>
			</tr>
			<tr class='log' status='info'>
				<td class='status info' title='info' alt='info'><i class='material-icons'>info_outline</i></td>
				<td class='timestamp'>4:37:49 PM</td>
				<td class='step-details'>
						Going to Action
					
				</td>
			</tr>
			<tr class='log' status='info'>
				<td class='status info' title='info' alt='info'><i class='material-icons'>info_outline</i></td>
				<td class='timestamp'>4:37:49 PM</td>
				<td class='step-details'>
						Going to Export
					
				</td>
			</tr>
			<tr class='log' status='info'>
				<td class='status info' title='info' alt='info'><i class='material-icons'>info_outline</i></td>
				<td class='timestamp'>4:37:49 PM</td>
				<td class='step-details'>
						Adding User,Date,Amount
					
				</td>
			</tr>
			<tr class='log' status='info'>
				<td class='status info' title='info' alt='info'><i class='material-icons'>info_outline</i></td>
				<td class='timestamp'>4:37:50 PM</td>
				<td class='step-details'>
						Remove all
					
				</td>
			</tr>
			<tr class='log' status='info'>
				<td class='status info' title='info' alt='info'><i class='material-icons'>info_outline</i></td>
				<td class='timestamp'>4:37:50 PM</td>
				<td class='step-details'>
						Close
					
				</td>
			</tr>
			<tr class='log' status='pass'>
				<td class='status pass' title='pass' alt='pass'><i class='material-icons'>check_circle</i></td>
				<td class='timestamp'>4:37:50 PM</td>
				<td class='step-details'>
						Succesful Register Cash Moves Test
					
				</td>
			</tr>
		</tbody>
	</table>
</div>
					</div>
				</li>
				<li class='test displayed active  pass' status='pass' bdd='false' test-id='11'>
					<div class='test-heading'>
						<span class='test-name'>Feeling Lucky Link Test</span>
						<span class='test-time'>Feb 11, 2019 04:37:57 PM</span>
						<span class='test-status right pass'>pass</span>
					</div>
					<div class='test-content hide'>
<div class='test-time-info'>
	<span class='label start-time'>Feb 11, 2019 04:37:57 PM</span>
	<span class='label end-time'>Feb 11, 2019 04:37:57 PM</span>
	<span class='label time-taken grey lighten-1 white-text'>0h 0m 0s+0ms</span>
</div>
<div class='test-steps'>
	<table class='bordered table-results'>
		<thead>
			<tr>
				<th>Status</th>
				<th>Timestamp</th>
				<th>Details</th>
			</tr>
		</thead>
		<tbody>
			<tr class='log' status='info'>
				<td class='status info' title='info' alt='info'><i class='material-icons'>info_outline</i></td>
				<td class='timestamp'>4:37:57 PM</td>
				<td class='step-details'>
						Logging to application
					
				</td>
			</tr>
			<tr class='log' status='info'>
				<td class='status info' title='info' alt='info'><i class='material-icons'>info_outline</i></td>
				<td class='timestamp'>4:38:03 PM</td>
				<td class='step-details'>
						Going to lunch page
					
				</td>
			</tr>
			<tr class='log' status='info'>
				<td class='status info' title='info' alt='info'><i class='material-icons'>info_outline</i></td>
				<td class='timestamp'>4:38:08 PM</td>
				<td class='step-details'>
						Verify Feeling Lucky displayed
					
				</td>
			</tr>
			<tr class='log' status='pass'>
				<td class='status pass' title='pass' alt='pass'><i class='material-icons'>check_circle</i></td>
				<td class='timestamp'>4:38:09 PM</td>
				<td class='step-details'>
						Success displayed Test
					
				</td>
			</tr>
		</tbody>
	</table>
</div>
					</div>
				</li>
				<li class='test displayed active  fail' status='fail' bdd='false' test-id='12'>
					<div class='test-heading'>
						<span class='test-name'>New Order Smoke Test</span>
						<span class='test-time'>Feb 11, 2019 04:38:15 PM</span>
						<span class='test-status right fail'>fail</span>
					</div>
					<div class='test-content hide'>
<div class='test-time-info'>
	<span class='label start-time'>Feb 11, 2019 04:38:15 PM</span>
	<span class='label end-time'>Feb 11, 2019 04:38:15 PM</span>
	<span class='label time-taken grey lighten-1 white-text'>0h 0m 0s+0ms</span>
</div>
<div class='test-steps'>
	<table class='bordered table-results'>
		<thead>
			<tr>
				<th>Status</th>
				<th>Timestamp</th>
				<th>Details</th>
			</tr>
		</thead>
		<tbody>
			<tr class='log' status='info'>
				<td class='status info' title='info' alt='info'><i class='material-icons'>info_outline</i></td>
				<td class='timestamp'>4:38:15 PM</td>
				<td class='step-details'>
						Signing in..
					
				</td>
			</tr>
			<tr class='log' status='info'>
				<td class='status info' title='info' alt='info'><i class='material-icons'>info_outline</i></td>
				<td class='timestamp'>4:38:20 PM</td>
				<td class='step-details'>
						Going to lunch page
					
				</td>
			</tr>
			<tr class='log' status='info'>
				<td class='status info' title='info' alt='info'><i class='material-icons'>info_outline</i></td>
				<td class='timestamp'>4:38:25 PM</td>
				<td class='step-details'>
						Ordering CheeseBurger
					
				</td>
			</tr>
			<tr class='log' status='fail'>
				<td class='status fail' title='fail' alt='fail'><i class='material-icons'>cancel</i></td>
				<td class='timestamp'>4:38:35 PM</td>
				<td class='step-details'>
						NewOrderTest
					
				</td>
			</tr>
			<tr class='log' status='fail'>
				<td class='status fail' title='fail' alt='fail'><i class='material-icons'>cancel</i></td>
				<td class='timestamp'>4:38:35 PM</td>
				<td class='step-details'>
						<textarea disabled class="code-block">org.openqa.selenium.NoSuchElementException: no such element: Unable to locate element: {"method":"css selector","selector":".o_lunch_vignette:nth-child(3) [type]"}
  (Session info: chrome=71.0.3578.98)
  (Driver info: chromedriver=73.0.3683.20 (8e2b610813e167eee3619ac4ce6e42e3ec622017),platform=Windows NT 10.0.17134 x86_64) (WARNING: The server did not provide any stacktrace information)
Command duration or timeout: 0 milliseconds
For documentation on this error, please visit: https://www.seleniumhq.org/exceptions/no_such_element.html
Build info: version: '3.141.59', revision: 'e82be7d358', time: '2018-11-14T08:17:03'
System info: host: 'BEASTPUTER', ip: '192.168.1.152', os.name: 'Windows 10', os.arch: 'amd64', os.version: '10.0', java.version: '1.8.0_191'
Driver info: org.openqa.selenium.chrome.ChromeDriver
Capabilities {acceptInsecureCerts: false, acceptSslCerts: false, applicationCacheEnabled: false, browserConnectionEnabled: false, browserName: chrome, chrome: {chromedriverVersion: 73.0.3683.20 (8e2b610813e16..., userDataDir: C:\Users\Roger\AppData\Loca...}, cssSelectorsEnabled: true, databaseEnabled: false, goog:chromeOptions: {debuggerAddress: localhost:57718}, handlesAlerts: true, hasTouchScreen: false, javascriptEnabled: true, locationContextEnabled: true, mobileEmulationEnabled: false, nativeEvents: true, networkConnectionEnabled: false, pageLoadStrategy: normal, platform: XP, platformName: XP, proxy: Proxy(), rotatable: false, setWindowRect: true, strictFileInteractability: false, takesHeapSnapshot: true, takesScreenshot: true, timeouts: {implicit: 0, pageLoad: 300000, script: 30000}, unexpectedAlertBehaviour: ignore, unhandledPromptBehavior: ignore, version: 71.0.3578.98, webStorageEnabled: true}
Session ID: 468effe7c910d1d7097c8a90c072759b
*** Element info: {Using=css selector, value=.o_lunch_vignette:nth-child(3) [type]}
	at sun.reflect.NativeConstructorAccessorImpl.newInstance0(Native Method)
	at sun.reflect.NativeConstructorAccessorImpl.newInstance(NativeConstructorAccessorImpl.java:62)
	at sun.reflect.DelegatingConstructorAccessorImpl.newInstance(DelegatingConstructorAccessorImpl.java:45)
	at java.lang.reflect.Constructor.newInstance(Constructor.java:423)
	at org.openqa.selenium.remote.ErrorHandler.createThrowable(ErrorHandler.java:214)
	at org.openqa.selenium.remote.ErrorHandler.throwIfResponseFailed(ErrorHandler.java:166)
	at org.openqa.selenium.remote.http.JsonHttpResponseCodec.reconstructValue(JsonHttpResponseCodec.java:40)
	at org.openqa.selenium.remote.http.AbstractHttpResponseCodec.decode(AbstractHttpResponseCodec.java:80)
	at org.openqa.selenium.remote.http.AbstractHttpResponseCodec.decode(AbstractHttpResponseCodec.java:44)
	at org.openqa.selenium.remote.HttpCommandExecutor.execute(HttpCommandExecutor.java:158)
	at org.openqa.selenium.remote.service.DriverCommandExecutor.execute(DriverCommandExecutor.java:83)
	at org.openqa.selenium.remote.RemoteWebDriver.execute(RemoteWebDriver.java:552)
	at org.openqa.selenium.remote.RemoteWebDriver.findElement(RemoteWebDriver.java:323)
	at org.openqa.selenium.remote.RemoteWebDriver.findElementByCssSelector(RemoteWebDriver.java:420)
	at org.openqa.selenium.By$ByCssSelector.findElement(By.java:431)
	at org.openqa.selenium.remote.RemoteWebDriver.findElement(RemoteWebDriver.java:315)
	at org.openqa.selenium.support.pagefactory.DefaultElementLocator.findElement(DefaultElementLocator.java:69)
	at org.openqa.selenium.support.pagefactory.internal.LocatingElementHandler.invoke(LocatingElementHandler.java:38)
	at com.sun.proxy.$Proxy10.click(Unknown Source)
	at com.lunch.pages.NewOrderPage.clickAddCheeseburger(NewOrderPage.java:29)
	at com.lunch.tests.functional_tests.lunch.NewOrder.CreateNewOrder.NewOrderTest(CreateNewOrder.java:23)
	at sun.reflect.NativeMethodAccessorImpl.invoke0(Native Method)
	at sun.reflect.NativeMethodAccessorImpl.invoke(NativeMethodAccessorImpl.java:62)
	at sun.reflect.DelegatingMethodAccessorImpl.invoke(DelegatingMethodAccessorImpl.java:43)
	at java.lang.reflect.Method.invoke(Method.java:498)
	at org.testng.internal.MethodInvocationHelper.invokeMethod(MethodInvocationHelper.java:124)
	at org.testng.internal.Invoker.invokeMethod(Invoker.java:583)
	at org.testng.internal.Invoker.invokeTestMethod(Invoker.java:719)
	at org.testng.internal.Invoker.invokeTestMethods(Invoker.java:989)
	at org.testng.internal.TestMethodWorker.invokeTestMethods(TestMethodWorker.java:125)
	at org.testng.internal.TestMethodWorker.run(TestMethodWorker.java:109)
	at org.testng.TestRunner.privateRun(TestRunner.java:648)
	at org.testng.TestRunner.run(TestRunner.java:505)
	at org.testng.SuiteRunner.runTest(SuiteRunner.java:455)
	at org.testng.SuiteRunner.runSequentially(SuiteRunner.java:450)
	at org.testng.SuiteRunner.privateRun(SuiteRunner.java:415)
	at org.testng.SuiteRunner.run(SuiteRunner.java:364)
	at org.testng.SuiteRunnerWorker.runSuite(SuiteRunnerWorker.java:52)
	at org.testng.SuiteRunnerWorker.run(SuiteRunnerWorker.java:84)
	at org.testng.TestNG.runSuitesSequentially(TestNG.java:1208)
	at org.testng.TestNG.runSuitesLocally(TestNG.java:1137)
	at org.testng.TestNG.runSuites(TestNG.java:1049)
	at org.testng.TestNG.run(TestNG.java:1017)
	at org.testng.IDEARemoteTestNG.run(IDEARemoteTestNG.java:73)
	at org.testng.RemoteTestNGStarter.main(RemoteTestNGStarter.java:123)
</textarea>
					
				</td>
			</tr>
		</tbody>
	</table>
</div>
						<ul class='screenshots'>
							<li><img class='r-img' onerror='this.style.display="none"' data-featherlight='C:\Users\Roger\Documents\parallel-multi-browser-testng-framework\Framework_28/test-output/ScreenshotsNewOrderTest20190211043835.png' src='C:\Users\Roger\Documents\parallel-multi-browser-testng-framework\Framework_28/test-output/ScreenshotsNewOrderTest20190211043835.png' data-src='C:\Users\Roger\Documents\parallel-multi-browser-testng-framework\Framework_28/test-output/ScreenshotsNewOrderTest20190211043835.png'></li>
						</ul>
					</div>
				</li>
				<li class='test displayed active  pass' status='pass' bdd='false' test-id='13'>
					<div class='test-heading'>
						<span class='test-name'>Add function when exporting at Control Accounts Tab</span>
						<span class='test-time'>Feb 11, 2019 04:38:41 PM</span>
						<span class='test-status right pass'>pass</span>
					</div>
					<div class='test-content hide'>
<div class='test-time-info'>
	<span class='label start-time'>Feb 11, 2019 04:38:41 PM</span>
	<span class='label end-time'>Feb 11, 2019 04:38:41 PM</span>
	<span class='label time-taken grey lighten-1 white-text'>0h 0m 0s+0ms</span>
</div>
<div class='test-steps'>
	<table class='bordered table-results'>
		<thead>
			<tr>
				<th>Status</th>
				<th>Timestamp</th>
				<th>Details</th>
			</tr>
		</thead>
		<tbody>
			<tr class='log' status='info'>
				<td class='status info' title='info' alt='info'><i class='material-icons'>info_outline</i></td>
				<td class='timestamp'>4:38:41 PM</td>
				<td class='step-details'>
						Logging to the application
					
				</td>
			</tr>
			<tr class='log' status='info'>
				<td class='status info' title='info' alt='info'><i class='material-icons'>info_outline</i></td>
				<td class='timestamp'>4:38:46 PM</td>
				<td class='step-details'>
						Going to lunch page
					
				</td>
			</tr>
			<tr class='log' status='info'>
				<td class='status info' title='info' alt='info'><i class='material-icons'>info_outline</i></td>
				<td class='timestamp'>4:38:51 PM</td>
				<td class='step-details'>
						Getting past error
					
				</td>
			</tr>
			<tr class='log' status='info'>
				<td class='status info' title='info' alt='info'><i class='material-icons'>info_outline</i></td>
				<td class='timestamp'>4:38:52 PM</td>
				<td class='step-details'>
						Going to Control Accounts section.
					
				</td>
			</tr>
			<tr class='log' status='info'>
				<td class='status info' title='info' alt='info'><i class='material-icons'>info_outline</i></td>
				<td class='timestamp'>4:38:52 PM</td>
				<td class='step-details'>
						Creating New Account section.
					
				</td>
			</tr>
			<tr class='log' status='info'>
				<td class='status info' title='info' alt='info'><i class='material-icons'>info_outline</i></td>
				<td class='timestamp'>4:38:53 PM</td>
				<td class='step-details'>
						Entering the values
					
				</td>
			</tr>
			<tr class='log' status='info'>
				<td class='status info' title='info' alt='info'><i class='material-icons'>info_outline</i></td>
				<td class='timestamp'>4:38:57 PM</td>
				<td class='step-details'>
						Saving new account details
					
				</td>
			</tr>
			<tr class='log' status='pass'>
				<td class='status pass' title='pass' alt='pass'><i class='material-icons'>check_circle</i></td>
				<td class='timestamp'>4:38:59 PM</td>
				<td class='step-details'>
						Succesfull opening a new account
					
				</td>
			</tr>
		</tbody>
	</table>
</div>
					</div>
				</li>
				<li class='test displayed active  pass' status='pass' bdd='false' test-id='14'>
					<div class='test-heading'>
						<span class='test-name'>Add function when exporting at Control Accounts Tab</span>
						<span class='test-time'>Feb 11, 2019 04:39:05 PM</span>
						<span class='test-status right pass'>pass</span>
					</div>
					<div class='test-content hide'>
<div class='test-time-info'>
	<span class='label start-time'>Feb 11, 2019 04:39:05 PM</span>
	<span class='label end-time'>Feb 11, 2019 04:39:05 PM</span>
	<span class='label time-taken grey lighten-1 white-text'>0h 0m 0s+0ms</span>
</div>
<div class='test-steps'>
	<table class='bordered table-results'>
		<thead>
			<tr>
				<th>Status</th>
				<th>Timestamp</th>
				<th>Details</th>
			</tr>
		</thead>
		<tbody>
			<tr class='log' status='info'>
				<td class='status info' title='info' alt='info'><i class='material-icons'>info_outline</i></td>
				<td class='timestamp'>4:39:05 PM</td>
				<td class='step-details'>
						Logging to the application
					
				</td>
			</tr>
			<tr class='log' status='info'>
				<td class='status info' title='info' alt='info'><i class='material-icons'>info_outline</i></td>
				<td class='timestamp'>4:39:10 PM</td>
				<td class='step-details'>
						Going to lunch page
					
				</td>
			</tr>
			<tr class='log' status='info'>
				<td class='status info' title='info' alt='info'><i class='material-icons'>info_outline</i></td>
				<td class='timestamp'>4:39:15 PM</td>
				<td class='step-details'>
						Getting past error
					
				</td>
			</tr>
			<tr class='log' status='info'>
				<td class='status info' title='info' alt='info'><i class='material-icons'>info_outline</i></td>
				<td class='timestamp'>4:39:16 PM</td>
				<td class='step-details'>
						Going to Control Accounts section.
					
				</td>
			</tr>
			<tr class='log' status='info'>
				<td class='status info' title='info' alt='info'><i class='material-icons'>info_outline</i></td>
				<td class='timestamp'>4:39:17 PM</td>
				<td class='step-details'>
						Getting the account count
					
				</td>
			</tr>
			<tr class='log' status='info'>
				<td class='status info' title='info' alt='info'><i class='material-icons'>info_outline</i></td>
				<td class='timestamp'>4:39:18 PM</td>
				<td class='step-details'>
						Creating New Account section.
					
				</td>
			</tr>
			<tr class='log' status='info'>
				<td class='status info' title='info' alt='info'><i class='material-icons'>info_outline</i></td>
				<td class='timestamp'>4:39:18 PM</td>
				<td class='step-details'>
						Entering the values
					
				</td>
			</tr>
			<tr class='log' status='info'>
				<td class='status info' title='info' alt='info'><i class='material-icons'>info_outline</i></td>
				<td class='timestamp'>4:39:21 PM</td>
				<td class='step-details'>
						Saving new account details
					
				</td>
			</tr>
			<tr class='log' status='info'>
				<td class='status info' title='info' alt='info'><i class='material-icons'>info_outline</i></td>
				<td class='timestamp'>4:39:23 PM</td>
				<td class='step-details'>
						Going to Control Accounts
					
				</td>
			</tr>
			<tr class='log' status='info'>
				<td class='status info' title='info' alt='info'><i class='material-icons'>info_outline</i></td>
				<td class='timestamp'>4:39:23 PM</td>
				<td class='step-details'>
						Getting the account count
					
				</td>
			</tr>
			<tr class='log' status='info'>
				<td class='status info' title='info' alt='info'><i class='material-icons'>info_outline</i></td>
				<td class='timestamp'>4:39:24 PM</td>
				<td class='step-details'>
						Verifying number of account
					
				</td>
			</tr>
			<tr class='log' status='pass'>
				<td class='status pass' title='pass' alt='pass'><i class='material-icons'>check_circle</i></td>
				<td class='timestamp'>4:39:24 PM</td>
				<td class='step-details'>
						Succesfull verifying of new account
					
				</td>
			</tr>
		</tbody>
	</table>
</div>
					</div>
				</li>
				<li class='test displayed active  fail' status='fail' bdd='false' test-id='15'>
					<div class='test-heading'>
						<span class='test-name'>Add function when exporting at Control Accounts Tab</span>
						<span class='test-time'>Feb 11, 2019 04:39:32 PM</span>
						<span class='test-status right fail'>fail</span>
					</div>
					<div class='test-content hide'>
<div class='test-time-info'>
	<span class='label start-time'>Feb 11, 2019 04:39:32 PM</span>
	<span class='label end-time'>Feb 11, 2019 04:39:32 PM</span>
	<span class='label time-taken grey lighten-1 white-text'>0h 0m 0s+0ms</span>
</div>
<div class='test-steps'>
	<table class='bordered table-results'>
		<thead>
			<tr>
				<th>Status</th>
				<th>Timestamp</th>
				<th>Details</th>
			</tr>
		</thead>
		<tbody>
			<tr class='log' status='info'>
				<td class='status info' title='info' alt='info'><i class='material-icons'>info_outline</i></td>
				<td class='timestamp'>4:39:32 PM</td>
				<td class='step-details'>
						Logging to the application
					
				</td>
			</tr>
			<tr class='log' status='info'>
				<td class='status info' title='info' alt='info'><i class='material-icons'>info_outline</i></td>
				<td class='timestamp'>4:39:39 PM</td>
				<td class='step-details'>
						Going to lunch page
					
				</td>
			</tr>
			<tr class='log' status='fail'>
				<td class='status fail' title='fail' alt='fail'><i class='material-icons'>cancel</i></td>
				<td class='timestamp'>4:39:44 PM</td>
				<td class='step-details'>
						verifyingNewAccountAmount
					
				</td>
			</tr>
			<tr class='log' status='fail'>
				<td class='status fail' title='fail' alt='fail'><i class='material-icons'>cancel</i></td>
				<td class='timestamp'>4:39:44 PM</td>
				<td class='step-details'>
						<textarea disabled class="code-block">org.openqa.selenium.WebDriverException: unknown error: Element <span class="oe_menu_text">...</span> is not clickable at point (762, 15). Other element would receive the click: <div class="o_loading" style="display: block;">...</div>
  (Session info: chrome=71.0.3578.98)
  (Driver info: chromedriver=73.0.3683.20 (8e2b610813e167eee3619ac4ce6e42e3ec622017),platform=Windows NT 10.0.17134 x86_64) (WARNING: The server did not provide any stacktrace information)
Command duration or timeout: 0 milliseconds
Build info: version: '3.141.59', revision: 'e82be7d358', time: '2018-11-14T08:17:03'
System info: host: 'BEASTPUTER', ip: '192.168.1.152', os.name: 'Windows 10', os.arch: 'amd64', os.version: '10.0', java.version: '1.8.0_191'
Driver info: org.openqa.selenium.chrome.ChromeDriver
Capabilities {acceptInsecureCerts: false, acceptSslCerts: false, applicationCacheEnabled: false, browserConnectionEnabled: false, browserName: chrome, chrome: {chromedriverVersion: 73.0.3683.20 (8e2b610813e16..., userDataDir: C:\Users\Roger\AppData\Loca...}, cssSelectorsEnabled: true, databaseEnabled: false, goog:chromeOptions: {debuggerAddress: localhost:57948}, handlesAlerts: true, hasTouchScreen: false, javascriptEnabled: true, locationContextEnabled: true, mobileEmulationEnabled: false, nativeEvents: true, networkConnectionEnabled: false, pageLoadStrategy: normal, platform: XP, platformName: XP, proxy: Proxy(), rotatable: false, setWindowRect: true, strictFileInteractability: false, takesHeapSnapshot: true, takesScreenshot: true, timeouts: {implicit: 0, pageLoad: 300000, script: 30000}, unexpectedAlertBehaviour: ignore, unhandledPromptBehavior: ignore, version: 71.0.3578.98, webStorageEnabled: true}
Session ID: e8402aa1787f3e8768f532e812073f70
	at sun.reflect.NativeConstructorAccessorImpl.newInstance0(Native Method)
	at sun.reflect.NativeConstructorAccessorImpl.newInstance(NativeConstructorAccessorImpl.java:62)
	at sun.reflect.DelegatingConstructorAccessorImpl.newInstance(DelegatingConstructorAccessorImpl.java:45)
	at java.lang.reflect.Constructor.newInstance(Constructor.java:423)
	at org.openqa.selenium.remote.ErrorHandler.createThrowable(ErrorHandler.java:214)
	at org.openqa.selenium.remote.ErrorHandler.throwIfResponseFailed(ErrorHandler.java:166)
	at org.openqa.selenium.remote.http.JsonHttpResponseCodec.reconstructValue(JsonHttpResponseCodec.java:40)
	at org.openqa.selenium.remote.http.AbstractHttpResponseCodec.decode(AbstractHttpResponseCodec.java:80)
	at org.openqa.selenium.remote.http.AbstractHttpResponseCodec.decode(AbstractHttpResponseCodec.java:44)
	at org.openqa.selenium.remote.HttpCommandExecutor.execute(HttpCommandExecutor.java:158)
	at org.openqa.selenium.remote.service.DriverCommandExecutor.execute(DriverCommandExecutor.java:83)
	at org.openqa.selenium.remote.RemoteWebDriver.execute(RemoteWebDriver.java:552)
	at org.openqa.selenium.remote.RemoteWebElement.execute(RemoteWebElement.java:285)
	at org.openqa.selenium.remote.RemoteWebElement.click(RemoteWebElement.java:84)
	at sun.reflect.GeneratedMethodAccessor1.invoke(Unknown Source)
	at sun.reflect.DelegatingMethodAccessorImpl.invoke(DelegatingMethodAccessorImpl.java:43)
	at java.lang.reflect.Method.invoke(Method.java:498)
	at org.openqa.selenium.support.pagefactory.internal.LocatingElementHandler.invoke(LocatingElementHandler.java:51)
	at com.sun.proxy.$Proxy10.click(Unknown Source)
	at com.lunch.pages.LoginPage.clickLunchButton(LoginPage.java:55)
	at com.lunch.tests.functional_tests.lunch.OpenNewAccountTest.verifyingNewAccountAmount(OpenNewAccountTest.java:104)
	at sun.reflect.NativeMethodAccessorImpl.invoke0(Native Method)
	at sun.reflect.NativeMethodAccessorImpl.invoke(NativeMethodAccessorImpl.java:62)
	at sun.reflect.DelegatingMethodAccessorImpl.invoke(DelegatingMethodAccessorImpl.java:43)
	at java.lang.reflect.Method.invoke(Method.java:498)
	at org.testng.internal.MethodInvocationHelper.invokeMethod(MethodInvocationHelper.java:124)
	at org.testng.internal.Invoker.invokeMethod(Invoker.java:583)
	at org.testng.internal.Invoker.invokeTestMethod(Invoker.java:719)
	at org.testng.internal.Invoker.invokeTestMethods(Invoker.java:989)
	at org.testng.internal.TestMethodWorker.invokeTestMethods(TestMethodWorker.java:125)
	at org.testng.internal.TestMethodWorker.run(TestMethodWorker.java:109)
	at org.testng.TestRunner.privateRun(TestRunner.java:648)
	at org.testng.TestRunner.run(TestRunner.java:505)
	at org.testng.SuiteRunner.runTest(SuiteRunner.java:455)
	at org.testng.SuiteRunner.runSequentially(SuiteRunner.java:450)
	at org.testng.SuiteRunner.privateRun(SuiteRunner.java:415)
	at org.testng.SuiteRunner.run(SuiteRunner.java:364)
	at org.testng.SuiteRunnerWorker.runSuite(SuiteRunnerWorker.java:52)
	at org.testng.SuiteRunnerWorker.run(SuiteRunnerWorker.java:84)
	at org.testng.TestNG.runSuitesSequentially(TestNG.java:1208)
	at org.testng.TestNG.runSuitesLocally(TestNG.java:1137)
	at org.testng.TestNG.runSuites(TestNG.java:1049)
	at org.testng.TestNG.run(TestNG.java:1017)
	at org.testng.IDEARemoteTestNG.run(IDEARemoteTestNG.java:73)
	at org.testng.RemoteTestNGStarter.main(RemoteTestNGStarter.java:123)
</textarea>
					
				</td>
			</tr>
		</tbody>
	</table>
</div>
						<ul class='screenshots'>
							<li><img class='r-img' onerror='this.style.display="none"' data-featherlight='C:\Users\Roger\Documents\parallel-multi-browser-testng-framework\Framework_28/test-output/ScreenshotsverifyingNewAccountAmount20190211043944.png' src='C:\Users\Roger\Documents\parallel-multi-browser-testng-framework\Framework_28/test-output/ScreenshotsverifyingNewAccountAmount20190211043944.png' data-src='C:\Users\Roger\Documents\parallel-multi-browser-testng-framework\Framework_28/test-output/ScreenshotsverifyingNewAccountAmount20190211043944.png'></li>
						</ul>
					</div>
				</li>
				<li class='test displayed active  pass' status='pass' bdd='false' test-id='16'>
					<div class='test-heading'>
						<span class='test-name'>Add function when exporting at Control Accounts Tab</span>
						<span class='test-time'>Feb 11, 2019 04:39:51 PM</span>
						<span class='test-status right pass'>pass</span>
					</div>
					<div class='test-content hide'>
<div class='test-time-info'>
	<span class='label start-time'>Feb 11, 2019 04:39:51 PM</span>
	<span class='label end-time'>Feb 11, 2019 04:39:51 PM</span>
	<span class='label time-taken grey lighten-1 white-text'>0h 0m 0s+0ms</span>
</div>
<div class='test-steps'>
	<table class='bordered table-results'>
		<thead>
			<tr>
				<th>Status</th>
				<th>Timestamp</th>
				<th>Details</th>
			</tr>
		</thead>
		<tbody>
			<tr class='log' status='info'>
				<td class='status info' title='info' alt='info'><i class='material-icons'>info_outline</i></td>
				<td class='timestamp'>4:39:51 PM</td>
				<td class='step-details'>
						Logging to the application
					
				</td>
			</tr>
			<tr class='log' status='info'>
				<td class='status info' title='info' alt='info'><i class='material-icons'>info_outline</i></td>
				<td class='timestamp'>4:40:03 PM</td>
				<td class='step-details'>
						Going to lunch page
					
				</td>
			</tr>
			<tr class='log' status='info'>
				<td class='status info' title='info' alt='info'><i class='material-icons'>info_outline</i></td>
				<td class='timestamp'>4:40:08 PM</td>
				<td class='step-details'>
						Getting past error
					
				</td>
			</tr>
			<tr class='log' status='info'>
				<td class='status info' title='info' alt='info'><i class='material-icons'>info_outline</i></td>
				<td class='timestamp'>4:40:10 PM</td>
				<td class='step-details'>
						Going to Control Accounts section.
					
				</td>
			</tr>
			<tr class='log' status='info'>
				<td class='status info' title='info' alt='info'><i class='material-icons'>info_outline</i></td>
				<td class='timestamp'>4:40:11 PM</td>
				<td class='step-details'>
						Selecting an order
					
				</td>
			</tr>
			<tr class='log' status='info'>
				<td class='status info' title='info' alt='info'><i class='material-icons'>info_outline</i></td>
				<td class='timestamp'>4:40:11 PM</td>
				<td class='step-details'>
						Verifying export is displayed
					
				</td>
			</tr>
			<tr class='log' status='info'>
				<td class='status info' title='info' alt='info'><i class='material-icons'>info_outline</i></td>
				<td class='timestamp'>4:40:11 PM</td>
				<td class='step-details'>
						Adding information
					
				</td>
			</tr>
			<tr class='log' status='info'>
				<td class='status info' title='info' alt='info'><i class='material-icons'>info_outline</i></td>
				<td class='timestamp'>4:40:11 PM</td>
				<td class='step-details'>
						Verifying matching the words
					
				</td>
			</tr>
		</tbody>
	</table>
</div>
					</div>
				</li>
				<li class='test displayed active  pass' status='pass' bdd='false' test-id='17'>
					<div class='test-heading'>
						<span class='test-name'>Trying to delete a previous order</span>
						<span class='test-time'>Feb 11, 2019 04:40:17 PM</span>
						<span class='test-status right pass'>pass</span>
					</div>
					<div class='test-content hide'>
<div class='test-time-info'>
	<span class='label start-time'>Feb 11, 2019 04:40:17 PM</span>
	<span class='label end-time'>Feb 11, 2019 04:40:17 PM</span>
	<span class='label time-taken grey lighten-1 white-text'>0h 0m 0s+0ms</span>
</div>
<div class='test-steps'>
	<table class='bordered table-results'>
		<thead>
			<tr>
				<th>Status</th>
				<th>Timestamp</th>
				<th>Details</th>
			</tr>
		</thead>
		<tbody>
			<tr class='log' status='info'>
				<td class='status info' title='info' alt='info'><i class='material-icons'>info_outline</i></td>
				<td class='timestamp'>4:40:17 PM</td>
				<td class='step-details'>
						Logging to the application
					
				</td>
			</tr>
			<tr class='log' status='info'>
				<td class='status info' title='info' alt='info'><i class='material-icons'>info_outline</i></td>
				<td class='timestamp'>4:40:21 PM</td>
				<td class='step-details'>
						Going to lunch page
					
				</td>
			</tr>
			<tr class='log' status='info'>
				<td class='status info' title='info' alt='info'><i class='material-icons'>info_outline</i></td>
				<td class='timestamp'>4:40:26 PM</td>
				<td class='step-details'>
						Getting past error
					
				</td>
			</tr>
			<tr class='log' status='info'>
				<td class='status info' title='info' alt='info'><i class='material-icons'>info_outline</i></td>
				<td class='timestamp'>4:40:27 PM</td>
				<td class='step-details'>
						Going to previous order section.
					
				</td>
			</tr>
			<tr class='log' status='info'>
				<td class='status info' title='info' alt='info'><i class='material-icons'>info_outline</i></td>
				<td class='timestamp'>4:40:27 PM</td>
				<td class='step-details'>
						Going to previous order details.
					
				</td>
			</tr>
			<tr class='log' status='info'>
				<td class='status info' title='info' alt='info'><i class='material-icons'>info_outline</i></td>
				<td class='timestamp'>4:40:28 PM</td>
				<td class='step-details'>
						Going to action details.
					
				</td>
			</tr>
			<tr class='log' status='info'>
				<td class='status info' title='info' alt='info'><i class='material-icons'>info_outline</i></td>
				<td class='timestamp'>4:40:28 PM</td>
				<td class='step-details'>
						Verifying delete displayed
					
				</td>
			</tr>
			<tr class='log' status='info'>
				<td class='status info' title='info' alt='info'><i class='material-icons'>info_outline</i></td>
				<td class='timestamp'>4:40:28 PM</td>
				<td class='step-details'>
						Deleting the selected product
					
				</td>
			</tr>
			<tr class='log' status='info'>
				<td class='status info' title='info' alt='info'><i class='material-icons'>info_outline</i></td>
				<td class='timestamp'>4:40:28 PM</td>
				<td class='step-details'>
						Verifying confirmation message
					
				</td>
			</tr>
			<tr class='log' status='info'>
				<td class='status info' title='info' alt='info'><i class='material-icons'>info_outline</i></td>
				<td class='timestamp'>4:40:28 PM</td>
				<td class='step-details'>
						Confirmating the delete
					
				</td>
			</tr>
			<tr class='log' status='info'>
				<td class='status info' title='info' alt='info'><i class='material-icons'>info_outline</i></td>
				<td class='timestamp'>4:40:28 PM</td>
				<td class='step-details'>
						Verifying the delete is not possible
					
				</td>
			</tr>
			<tr class='log' status='pass'>
				<td class='status pass' title='pass' alt='pass'><i class='material-icons'>check_circle</i></td>
				<td class='timestamp'>4:40:28 PM</td>
				<td class='step-details'>
						Unsuccessful previous order delete test
					
				</td>
			</tr>
		</tbody>
	</table>
</div>
					</div>
				</li>
				<li class='test displayed active  pass' status='pass' bdd='false' test-id='18'>
					<div class='test-heading'>
						<span class='test-name'>Add function when exporting at Control Accounts Tab</span>
						<span class='test-time'>Feb 11, 2019 04:40:35 PM</span>
						<span class='test-status right pass'>pass</span>
					</div>
					<div class='test-content hide'>
<div class='test-time-info'>
	<span class='label start-time'>Feb 11, 2019 04:40:35 PM</span>
	<span class='label end-time'>Feb 11, 2019 04:40:35 PM</span>
	<span class='label time-taken grey lighten-1 white-text'>0h 0m 0s+0ms</span>
</div>
<div class='test-steps'>
	<table class='bordered table-results'>
		<thead>
			<tr>
				<th>Status</th>
				<th>Timestamp</th>
				<th>Details</th>
			</tr>
		</thead>
		<tbody>
			<tr class='log' status='info'>
				<td class='status info' title='info' alt='info'><i class='material-icons'>info_outline</i></td>
				<td class='timestamp'>4:40:35 PM</td>
				<td class='step-details'>
						Logging to the application
					
				</td>
			</tr>
			<tr class='log' status='info'>
				<td class='status info' title='info' alt='info'><i class='material-icons'>info_outline</i></td>
				<td class='timestamp'>4:40:38 PM</td>
				<td class='step-details'>
						Going to lunch page
					
				</td>
			</tr>
			<tr class='log' status='info'>
				<td class='status info' title='info' alt='info'><i class='material-icons'>info_outline</i></td>
				<td class='timestamp'>4:40:43 PM</td>
				<td class='step-details'>
						Getting past error
					
				</td>
			</tr>
			<tr class='log' status='info'>
				<td class='status info' title='info' alt='info'><i class='material-icons'>info_outline</i></td>
				<td class='timestamp'>4:40:44 PM</td>
				<td class='step-details'>
						Going to Previous Orders section.
					
				</td>
			</tr>
			<tr class='log' status='info'>
				<td class='status info' title='info' alt='info'><i class='material-icons'>info_outline</i></td>
				<td class='timestamp'>4:40:44 PM</td>
				<td class='step-details'>
						Selecting orders and returning total price
					
				</td>
			</tr>
			<tr class='log' status='info'>
				<td class='status info' title='info' alt='info'><i class='material-icons'>info_outline</i></td>
				<td class='timestamp'>4:40:45 PM</td>
				<td class='step-details'>
						Canceling report pop-up
					
				</td>
			</tr>
			<tr class='log' status='info'>
				<td class='status info' title='info' alt='info'><i class='material-icons'>info_outline</i></td>
				<td class='timestamp'>4:40:47 PM</td>
				<td class='step-details'>
						Getting total price from invoice print document
					
				</td>
			</tr>
			<tr class='log' status='info'>
				<td class='status info' title='info' alt='info'><i class='material-icons'>info_outline</i></td>
				<td class='timestamp'>4:40:47 PM</td>
				<td class='step-details'>
						Verifying user name
					
				</td>
			</tr>
			<tr class='log' status='pass'>
				<td class='status pass' title='pass' alt='pass'><i class='material-icons'>check_circle</i></td>
				<td class='timestamp'>4:40:47 PM</td>
				<td class='step-details'>
						Succesfully compared print fields
					
				</td>
			</tr>
		</tbody>
	</table>
</div>
					</div>
				</li>
				<li class='test displayed active  fail' status='fail' bdd='false' test-id='19'>
					<div class='test-heading'>
						<span class='test-name'>Checkbox Test</span>
						<span class='test-time'>Feb 11, 2019 04:40:52 PM</span>
						<span class='test-status right fail'>fail</span>
					</div>
					<div class='test-content hide'>
<div class='test-time-info'>
	<span class='label start-time'>Feb 11, 2019 04:40:52 PM</span>
	<span class='label end-time'>Feb 11, 2019 04:40:52 PM</span>
	<span class='label time-taken grey lighten-1 white-text'>0h 0m 0s+0ms</span>
</div>
<div class='test-steps'>
	<table class='bordered table-results'>
		<thead>
			<tr>
				<th>Status</th>
				<th>Timestamp</th>
				<th>Details</th>
			</tr>
		</thead>
		<tbody>
			<tr class='log' status='info'>
				<td class='status info' title='info' alt='info'><i class='material-icons'>info_outline</i></td>
				<td class='timestamp'>4:40:52 PM</td>
				<td class='step-details'>
						Logging to application
					
				</td>
			</tr>
			<tr class='log' status='info'>
				<td class='status info' title='info' alt='info'><i class='material-icons'>info_outline</i></td>
				<td class='timestamp'>4:40:56 PM</td>
				<td class='step-details'>
						Going to lunch page
					
				</td>
			</tr>
			<tr class='log' status='info'>
				<td class='status info' title='info' alt='info'><i class='material-icons'>info_outline</i></td>
				<td class='timestamp'>4:41:01 PM</td>
				<td class='step-details'>
						Going to Previous Orders section.
					
				</td>
			</tr>
			<tr class='log' status='info'>
				<td class='status info' title='info' alt='info'><i class='material-icons'>info_outline</i></td>
				<td class='timestamp'>4:41:11 PM</td>
				<td class='step-details'>
						Verify Last Order not selected=False
					
				</td>
			</tr>
			<tr class='log' status='fail'>
				<td class='status fail' title='fail' alt='fail'><i class='material-icons'>cancel</i></td>
				<td class='timestamp'>4:41:12 PM</td>
				<td class='step-details'>
						checkBoxTest
					
				</td>
			</tr>
			<tr class='log' status='fail'>
				<td class='status fail' title='fail' alt='fail'><i class='material-icons'>cancel</i></td>
				<td class='timestamp'>4:41:12 PM</td>
				<td class='step-details'>
						<textarea disabled class="code-block">java.lang.AssertionError: expected [true] but found [false]
	at org.testng.Assert.fail(Assert.java:96)
	at org.testng.Assert.failNotEquals(Assert.java:776)
	at org.testng.Assert.assertTrue(Assert.java:44)
	at org.testng.Assert.assertTrue(Assert.java:54)
	at com.lunch.tests.functional_tests.lunch.PreviousPage.CheckBoxTest.checkBoxTest(CheckBoxTest.java:27)
	at sun.reflect.NativeMethodAccessorImpl.invoke0(Native Method)
	at sun.reflect.NativeMethodAccessorImpl.invoke(NativeMethodAccessorImpl.java:62)
	at sun.reflect.DelegatingMethodAccessorImpl.invoke(DelegatingMethodAccessorImpl.java:43)
	at java.lang.reflect.Method.invoke(Method.java:498)
	at org.testng.internal.MethodInvocationHelper.invokeMethod(MethodInvocationHelper.java:124)
	at org.testng.internal.Invoker.invokeMethod(Invoker.java:583)
	at org.testng.internal.Invoker.invokeTestMethod(Invoker.java:719)
	at org.testng.internal.Invoker.invokeTestMethods(Invoker.java:989)
	at org.testng.internal.TestMethodWorker.invokeTestMethods(TestMethodWorker.java:125)
	at org.testng.internal.TestMethodWorker.run(TestMethodWorker.java:109)
	at org.testng.TestRunner.privateRun(TestRunner.java:648)
	at org.testng.TestRunner.run(TestRunner.java:505)
	at org.testng.SuiteRunner.runTest(SuiteRunner.java:455)
	at org.testng.SuiteRunner.runSequentially(SuiteRunner.java:450)
	at org.testng.SuiteRunner.privateRun(SuiteRunner.java:415)
	at org.testng.SuiteRunner.run(SuiteRunner.java:364)
	at org.testng.SuiteRunnerWorker.runSuite(SuiteRunnerWorker.java:52)
	at org.testng.SuiteRunnerWorker.run(SuiteRunnerWorker.java:84)
	at org.testng.TestNG.runSuitesSequentially(TestNG.java:1208)
	at org.testng.TestNG.runSuitesLocally(TestNG.java:1137)
	at org.testng.TestNG.runSuites(TestNG.java:1049)
	at org.testng.TestNG.run(TestNG.java:1017)
	at org.testng.IDEARemoteTestNG.run(IDEARemoteTestNG.java:73)
	at org.testng.RemoteTestNGStarter.main(RemoteTestNGStarter.java:123)
</textarea>
					
				</td>
			</tr>
		</tbody>
	</table>
</div>
						<ul class='screenshots'>
							<li><img class='r-img' onerror='this.style.display="none"' data-featherlight='C:\Users\Roger\Documents\parallel-multi-browser-testng-framework\Framework_28/test-output/ScreenshotscheckBoxTest20190211044111.png' src='C:\Users\Roger\Documents\parallel-multi-browser-testng-framework\Framework_28/test-output/ScreenshotscheckBoxTest20190211044111.png' data-src='C:\Users\Roger\Documents\parallel-multi-browser-testng-framework\Framework_28/test-output/ScreenshotscheckBoxTest20190211044111.png'></li>
						</ul>
					</div>
				</li>
				<li class='test displayed active  pass' status='pass' bdd='false' test-id='20'>
					<div class='test-heading'>
						<span class='test-name'>Delete Checkbox Item</span>
						<span class='test-time'>Feb 11, 2019 04:41:19 PM</span>
						<span class='test-status right pass'>pass</span>
					</div>
					<div class='test-content hide'>
<div class='test-time-info'>
	<span class='label start-time'>Feb 11, 2019 04:41:19 PM</span>
	<span class='label end-time'>Feb 11, 2019 04:41:19 PM</span>
	<span class='label time-taken grey lighten-1 white-text'>0h 0m 0s+0ms</span>
</div>
<div class='test-steps'>
	<table class='bordered table-results'>
		<thead>
			<tr>
				<th>Status</th>
				<th>Timestamp</th>
				<th>Details</th>
			</tr>
		</thead>
		<tbody>
			<tr class='log' status='info'>
				<td class='status info' title='info' alt='info'><i class='material-icons'>info_outline</i></td>
				<td class='timestamp'>4:41:19 PM</td>
				<td class='step-details'>
						Logging to application
					
				</td>
			</tr>
			<tr class='log' status='info'>
				<td class='status info' title='info' alt='info'><i class='material-icons'>info_outline</i></td>
				<td class='timestamp'>4:41:27 PM</td>
				<td class='step-details'>
						Going to lunch page
					
				</td>
			</tr>
			<tr class='log' status='info'>
				<td class='status info' title='info' alt='info'><i class='material-icons'>info_outline</i></td>
				<td class='timestamp'>4:41:34 PM</td>
				<td class='step-details'>
						Going to Previous Orders section.
					
				</td>
			</tr>
			<tr class='log' status='info'>
				<td class='status info' title='info' alt='info'><i class='material-icons'>info_outline</i></td>
				<td class='timestamp'>4:41:44 PM</td>
				<td class='step-details'>
						Select last order
					
				</td>
			</tr>
			<tr class='log' status='pass'>
				<td class='status pass' title='pass' alt='pass'><i class='material-icons'>check_circle</i></td>
				<td class='timestamp'>4:41:44 PM</td>
				<td class='step-details'>
						Success
					
				</td>
			</tr>
		</tbody>
	</table>
</div>
					</div>
				</li>
				<li class='test displayed active  pass' status='pass' bdd='false' test-id='21'>
					<div class='test-heading'>
						<span class='test-name'>Your Order Displayed Test</span>
						<span class='test-time'>Feb 11, 2019 04:41:51 PM</span>
						<span class='test-status right pass'>pass</span>
					</div>
					<div class='test-content hide'>
<div class='test-time-info'>
	<span class='label start-time'>Feb 11, 2019 04:41:51 PM</span>
	<span class='label end-time'>Feb 11, 2019 04:41:51 PM</span>
	<span class='label time-taken grey lighten-1 white-text'>0h 0m 0s+0ms</span>
</div>
<div class='test-steps'>
	<table class='bordered table-results'>
		<thead>
			<tr>
				<th>Status</th>
				<th>Timestamp</th>
				<th>Details</th>
			</tr>
		</thead>
		<tbody>
			<tr class='log' status='info'>
				<td class='status info' title='info' alt='info'><i class='material-icons'>info_outline</i></td>
				<td class='timestamp'>4:41:51 PM</td>
				<td class='step-details'>
						Logging to application
					
				</td>
			</tr>
			<tr class='log' status='info'>
				<td class='status info' title='info' alt='info'><i class='material-icons'>info_outline</i></td>
				<td class='timestamp'>4:41:57 PM</td>
				<td class='step-details'>
						Going to lunch page
					
				</td>
			</tr>
			<tr class='log' status='info'>
				<td class='status info' title='info' alt='info'><i class='material-icons'>info_outline</i></td>
				<td class='timestamp'>4:42:02 PM</td>
				<td class='step-details'>
						Going to Previous Orders section.
					
				</td>
			</tr>
			<tr class='log' status='info'>
				<td class='status info' title='info' alt='info'><i class='material-icons'>info_outline</i></td>
				<td class='timestamp'>4:42:12 PM</td>
				<td class='step-details'>
						Verify Your Orders Displayed
					
				</td>
			</tr>
			<tr class='log' status='pass'>
				<td class='status pass' title='pass' alt='pass'><i class='material-icons'>check_circle</i></td>
				<td class='timestamp'>4:42:12 PM</td>
				<td class='step-details'>
						Success Displayed Test
					
				</td>
			</tr>
		</tbody>
	</table>
</div>
					</div>
				</li>
				<li class='test displayed active  pass' status='pass' bdd='false' test-id='22'>
					<div class='test-heading'>
						<span class='test-name'>Create new product category test</span>
						<span class='test-time'>Feb 11, 2019 04:42:19 PM</span>
						<span class='test-status right pass'>pass</span>
					</div>
					<div class='test-content hide'>
<div class='test-time-info'>
	<span class='label start-time'>Feb 11, 2019 04:42:19 PM</span>
	<span class='label end-time'>Feb 11, 2019 04:42:19 PM</span>
	<span class='label time-taken grey lighten-1 white-text'>0h 0m 0s+0ms</span>
</div>
<div class='test-steps'>
	<table class='bordered table-results'>
		<thead>
			<tr>
				<th>Status</th>
				<th>Timestamp</th>
				<th>Details</th>
			</tr>
		</thead>
		<tbody>
			<tr class='log' status='info'>
				<td class='status info' title='info' alt='info'><i class='material-icons'>info_outline</i></td>
				<td class='timestamp'>4:42:19 PM</td>
				<td class='step-details'>
						Signing in and going to product categories page
					
				</td>
			</tr>
			<tr class='log' status='info'>
				<td class='status info' title='info' alt='info'><i class='material-icons'>info_outline</i></td>
				<td class='timestamp'>4:42:33 PM</td>
				<td class='step-details'>
						Creating new product category
					
				</td>
			</tr>
			<tr class='log' status='info'>
				<td class='status info' title='info' alt='info'><i class='material-icons'>info_outline</i></td>
				<td class='timestamp'>4:42:35 PM</td>
				<td class='step-details'>
						Verifying new product category was created
					
				</td>
			</tr>
			<tr class='log' status='pass'>
				<td class='status pass' title='pass' alt='pass'><i class='material-icons'>check_circle</i></td>
				<td class='timestamp'>4:42:35 PM</td>
				<td class='step-details'>
						Successful product categor addition test
					
				</td>
			</tr>
		</tbody>
	</table>
</div>
					</div>
				</li>
				<li class='test displayed active  pass' status='pass' bdd='false' test-id='23'>
					<div class='test-heading'>
						<span class='test-name'>Delete last item in product categories</span>
						<span class='test-time'>Feb 11, 2019 04:42:42 PM</span>
						<span class='test-status right pass'>pass</span>
					</div>
					<div class='test-content hide'>
<div class='test-time-info'>
	<span class='label start-time'>Feb 11, 2019 04:42:42 PM</span>
	<span class='label end-time'>Feb 11, 2019 04:42:42 PM</span>
	<span class='label time-taken grey lighten-1 white-text'>0h 0m 0s+0ms</span>
</div>
<div class='test-steps'>
	<table class='bordered table-results'>
		<thead>
			<tr>
				<th>Status</th>
				<th>Timestamp</th>
				<th>Details</th>
			</tr>
		</thead>
		<tbody>
			<tr class='log' status='info'>
				<td class='status info' title='info' alt='info'><i class='material-icons'>info_outline</i></td>
				<td class='timestamp'>4:42:42 PM</td>
				<td class='step-details'>
						Logging in and going to Product Categories Page
					
				</td>
			</tr>
			<tr class='log' status='info'>
				<td class='status info' title='info' alt='info'><i class='material-icons'>info_outline</i></td>
				<td class='timestamp'>4:42:57 PM</td>
				<td class='step-details'>
						Counting rows
					
				</td>
			</tr>
			<tr class='log' status='info'>
				<td class='status info' title='info' alt='info'><i class='material-icons'>info_outline</i></td>
				<td class='timestamp'>4:42:57 PM</td>
				<td class='step-details'>
						Clicking last item's checkbox
					
				</td>
			</tr>
			<tr class='log' status='info'>
				<td class='status info' title='info' alt='info'><i class='material-icons'>info_outline</i></td>
				<td class='timestamp'>4:42:57 PM</td>
				<td class='step-details'>
						Deleting item
					
				</td>
			</tr>
			<tr class='log' status='info'>
				<td class='status info' title='info' alt='info'><i class='material-icons'>info_outline</i></td>
				<td class='timestamp'>4:43:08 PM</td>
				<td class='step-details'>
						Counting the number of rows remaining
					
				</td>
			</tr>
			<tr class='log' status='pass'>
				<td class='status pass' title='pass' alt='pass'><i class='material-icons'>check_circle</i></td>
				<td class='timestamp'>4:43:08 PM</td>
				<td class='step-details'>
						Successful Product Category deletion test
					
				</td>
			</tr>
		</tbody>
	</table>
</div>
					</div>
				</li>
				<li class='test displayed active  pass' status='pass' bdd='false' test-id='24'>
					<div class='test-heading'>
						<span class='test-name'>Delete already created product.</span>
						<span class='test-time'>Feb 11, 2019 04:43:14 PM</span>
						<span class='test-status right pass'>pass</span>
					</div>
					<div class='test-content hide'>
<div class='test-time-info'>
	<span class='label start-time'>Feb 11, 2019 04:43:14 PM</span>
	<span class='label end-time'>Feb 11, 2019 04:43:14 PM</span>
	<span class='label time-taken grey lighten-1 white-text'>0h 0m 0s+0ms</span>
</div>
<div class='test-steps'>
	<table class='bordered table-results'>
		<thead>
			<tr>
				<th>Status</th>
				<th>Timestamp</th>
				<th>Details</th>
			</tr>
		</thead>
		<tbody>
			<tr class='log' status='info'>
				<td class='status info' title='info' alt='info'><i class='material-icons'>info_outline</i></td>
				<td class='timestamp'>4:43:14 PM</td>
				<td class='step-details'>
						Logging in..
					
				</td>
			</tr>
			<tr class='log' status='info'>
				<td class='status info' title='info' alt='info'><i class='material-icons'>info_outline</i></td>
				<td class='timestamp'>4:43:20 PM</td>
				<td class='step-details'>
						Going to lunch page..
					
				</td>
			</tr>
			<tr class='log' status='info'>
				<td class='status info' title='info' alt='info'><i class='material-icons'>info_outline</i></td>
				<td class='timestamp'>4:43:27 PM</td>
				<td class='step-details'>
						Going to products page..
					
				</td>
			</tr>
			<tr class='log' status='info'>
				<td class='status info' title='info' alt='info'><i class='material-icons'>info_outline</i></td>
				<td class='timestamp'>4:43:27 PM</td>
				<td class='step-details'>
						Going back one products page..
					
				</td>
			</tr>
			<tr class='log' status='info'>
				<td class='status info' title='info' alt='info'><i class='material-icons'>info_outline</i></td>
				<td class='timestamp'>4:43:31 PM</td>
				<td class='step-details'>
						Clicking last item
					
				</td>
			</tr>
			<tr class='log' status='info'>
				<td class='status info' title='info' alt='info'><i class='material-icons'>info_outline</i></td>
				<td class='timestamp'>4:43:31 PM</td>
				<td class='step-details'>
						Deleting item
					
				</td>
			</tr>
			<tr class='log' status='pass'>
				<td class='status pass' title='pass' alt='pass'><i class='material-icons'>check_circle</i></td>
				<td class='timestamp'>4:43:32 PM</td>
				<td class='step-details'>
						Positive deletion test
					
				</td>
			</tr>
		</tbody>
	</table>
</div>
					</div>
				</li>
				<li class='test displayed active  pass' status='pass' bdd='false' test-id='25'>
					<div class='test-heading'>
						<span class='test-name'>Create new product test</span>
						<span class='test-time'>Feb 11, 2019 04:43:38 PM</span>
						<span class='test-status right pass'>pass</span>
					</div>
					<div class='test-content hide'>
<div class='test-time-info'>
	<span class='label start-time'>Feb 11, 2019 04:43:38 PM</span>
	<span class='label end-time'>Feb 11, 2019 04:43:38 PM</span>
	<span class='label time-taken grey lighten-1 white-text'>0h 0m 0s+0ms</span>
</div>
<div class='test-steps'>
	<table class='bordered table-results'>
		<thead>
			<tr>
				<th>Status</th>
				<th>Timestamp</th>
				<th>Details</th>
			</tr>
		</thead>
		<tbody>
			<tr class='log' status='info'>
				<td class='status info' title='info' alt='info'><i class='material-icons'>info_outline</i></td>
				<td class='timestamp'>4:43:38 PM</td>
				<td class='step-details'>
						Logging in
					
				</td>
			</tr>
			<tr class='log' status='info'>
				<td class='status info' title='info' alt='info'><i class='material-icons'>info_outline</i></td>
				<td class='timestamp'>4:43:45 PM</td>
				<td class='step-details'>
						Going to lunch page
					
				</td>
			</tr>
			<tr class='log' status='info'>
				<td class='status info' title='info' alt='info'><i class='material-icons'>info_outline</i></td>
				<td class='timestamp'>4:43:50 PM</td>
				<td class='step-details'>
						Getting past error
					
				</td>
			</tr>
			<tr class='log' status='info'>
				<td class='status info' title='info' alt='info'><i class='material-icons'>info_outline</i></td>
				<td class='timestamp'>4:43:53 PM</td>
				<td class='step-details'>
						Going to products section.
					
				</td>
			</tr>
			<tr class='log' status='info'>
				<td class='status info' title='info' alt='info'><i class='material-icons'>info_outline</i></td>
				<td class='timestamp'>4:43:54 PM</td>
				<td class='step-details'>
						Starting to create new product
					
				</td>
			</tr>
			<tr class='log' status='info'>
				<td class='status info' title='info' alt='info'><i class='material-icons'>info_outline</i></td>
				<td class='timestamp'>4:43:55 PM</td>
				<td class='step-details'>
						Entering information for new product
					
				</td>
			</tr>
			<tr class='log' status='info'>
				<td class='status info' title='info' alt='info'><i class='material-icons'>info_outline</i></td>
				<td class='timestamp'>4:43:56 PM</td>
				<td class='step-details'>
						Saving product
					
				</td>
			</tr>
			<tr class='log' status='info'>
				<td class='status info' title='info' alt='info'><i class='material-icons'>info_outline</i></td>
				<td class='timestamp'>4:44:00 PM</td>
				<td class='step-details'>
						Getting information and comparing data to see if it was a success
					
				</td>
			</tr>
			<tr class='log' status='pass'>
				<td class='status pass' title='pass' alt='pass'><i class='material-icons'>check_circle</i></td>
				<td class='timestamp'>4:44:00 PM</td>
				<td class='step-details'>
						Successful product creation test
					
				</td>
			</tr>
		</tbody>
	</table>
</div>
					</div>
				</li>
				<li class='test displayed active  pass' status='pass' bdd='false' test-id='26'>
					<div class='test-heading'>
						<span class='test-name'>Reorder Product Columns Test</span>
						<span class='test-time'>Feb 11, 2019 04:44:06 PM</span>
						<span class='test-status right pass'>pass</span>
					</div>
					<div class='test-content hide'>
<div class='test-time-info'>
	<span class='label start-time'>Feb 11, 2019 04:44:06 PM</span>
	<span class='label end-time'>Feb 11, 2019 04:44:06 PM</span>
	<span class='label time-taken grey lighten-1 white-text'>0h 0m 0s+0ms</span>
</div>
<div class='test-steps'>
	<table class='bordered table-results'>
		<thead>
			<tr>
				<th>Status</th>
				<th>Timestamp</th>
				<th>Details</th>
			</tr>
		</thead>
		<tbody>
			<tr class='log' status='info'>
				<td class='status info' title='info' alt='info'><i class='material-icons'>info_outline</i></td>
				<td class='timestamp'>4:44:06 PM</td>
				<td class='step-details'>
						Logging in
					
				</td>
			</tr>
			<tr class='log' status='info'>
				<td class='status info' title='info' alt='info'><i class='material-icons'>info_outline</i></td>
				<td class='timestamp'>4:44:11 PM</td>
				<td class='step-details'>
						Going to lunch page
					
				</td>
			</tr>
			<tr class='log' status='info'>
				<td class='status info' title='info' alt='info'><i class='material-icons'>info_outline</i></td>
				<td class='timestamp'>4:44:16 PM</td>
				<td class='step-details'>
						Getting past error
					
				</td>
			</tr>
			<tr class='log' status='info'>
				<td class='status info' title='info' alt='info'><i class='material-icons'>info_outline</i></td>
				<td class='timestamp'>4:44:17 PM</td>
				<td class='step-details'>
						Going to products section.
					
				</td>
			</tr>
			<tr class='log' status='pass'>
				<td class='status pass' title='pass' alt='pass'><i class='material-icons'>check_circle</i></td>
				<td class='timestamp'>4:44:20 PM</td>
				<td class='step-details'>
						Sucessful product column reorder test
					
				</td>
			</tr>
		</tbody>
	</table>
</div>
					</div>
				</li>
				<li class='test displayed active  pass' status='pass' bdd='false' test-id='27'>
					<div class='test-heading'>
						<span class='test-name'>Add function when exporting at Control Accounts Tab</span>
						<span class='test-time'>Feb 11, 2019 04:44:27 PM</span>
						<span class='test-status right pass'>pass</span>
					</div>
					<div class='test-content hide'>
<div class='test-time-info'>
	<span class='label start-time'>Feb 11, 2019 04:44:27 PM</span>
	<span class='label end-time'>Feb 11, 2019 04:44:27 PM</span>
	<span class='label time-taken grey lighten-1 white-text'>0h 0m 0s+0ms</span>
</div>
<div class='test-steps'>
	<table class='bordered table-results'>
		<thead>
			<tr>
				<th>Status</th>
				<th>Timestamp</th>
				<th>Details</th>
			</tr>
		</thead>
		<tbody>
			<tr class='log' status='info'>
				<td class='status info' title='info' alt='info'><i class='material-icons'>info_outline</i></td>
				<td class='timestamp'>4:44:27 PM</td>
				<td class='step-details'>
						Logging to the application
					
				</td>
			</tr>
			<tr class='log' status='info'>
				<td class='status info' title='info' alt='info'><i class='material-icons'>info_outline</i></td>
				<td class='timestamp'>4:44:33 PM</td>
				<td class='step-details'>
						Going to lunch page
					
				</td>
			</tr>
			<tr class='log' status='info'>
				<td class='status info' title='info' alt='info'><i class='material-icons'>info_outline</i></td>
				<td class='timestamp'>4:44:38 PM</td>
				<td class='step-details'>
						Getting past error
					
				</td>
			</tr>
			<tr class='log' status='info'>
				<td class='status info' title='info' alt='info'><i class='material-icons'>info_outline</i></td>
				<td class='timestamp'>4:44:39 PM</td>
				<td class='step-details'>
						Going to Control Accounts section.
					
				</td>
			</tr>
			<tr class='log' status='info'>
				<td class='status info' title='info' alt='info'><i class='material-icons'>info_outline</i></td>
				<td class='timestamp'>4:44:39 PM</td>
				<td class='step-details'>
						Going to import
					
				</td>
			</tr>
			<tr class='log' status='info'>
				<td class='status info' title='info' alt='info'><i class='material-icons'>info_outline</i></td>
				<td class='timestamp'>4:44:41 PM</td>
				<td class='step-details'>
						Sending path and uploading
					
				</td>
			</tr>
			<tr class='log' status='pass'>
				<td class='status pass' title='pass' alt='pass'><i class='material-icons'>check_circle</i></td>
				<td class='timestamp'>4:44:42 PM</td>
				<td class='step-details'>
						Succesfull upload test
					
				</td>
			</tr>
		</tbody>
	</table>
</div>
					</div>
				</li>
				<li class='test displayed active  fail' status='fail' bdd='false' test-id='28'>
					<div class='test-heading'>
						<span class='test-name'>New Order Smoke Test</span>
						<span class='test-time'>Feb 11, 2019 04:44:48 PM</span>
						<span class='test-status right fail'>fail</span>
					</div>
					<div class='test-content hide'>
<div class='test-time-info'>
	<span class='label start-time'>Feb 11, 2019 04:44:48 PM</span>
	<span class='label end-time'>Feb 11, 2019 04:44:48 PM</span>
	<span class='label time-taken grey lighten-1 white-text'>0h 0m 0s+0ms</span>
</div>
<div class='test-steps'>
	<table class='bordered table-results'>
		<thead>
			<tr>
				<th>Status</th>
				<th>Timestamp</th>
				<th>Details</th>
			</tr>
		</thead>
		<tbody>
			<tr class='log' status='info'>
				<td class='status info' title='info' alt='info'><i class='material-icons'>info_outline</i></td>
				<td class='timestamp'>4:44:48 PM</td>
				<td class='step-details'>
						Signing in..
					
				</td>
			</tr>
			<tr class='log' status='info'>
				<td class='status info' title='info' alt='info'><i class='material-icons'>info_outline</i></td>
				<td class='timestamp'>4:44:55 PM</td>
				<td class='step-details'>
						Going to lunch page
					
				</td>
			</tr>
			<tr class='log' status='fail'>
				<td class='status fail' title='fail' alt='fail'><i class='material-icons'>cancel</i></td>
				<td class='timestamp'>4:45:00 PM</td>
				<td class='step-details'>
						NewOrderTest
					
				</td>
			</tr>
			<tr class='log' status='fail'>
				<td class='status fail' title='fail' alt='fail'><i class='material-icons'>cancel</i></td>
				<td class='timestamp'>4:45:00 PM</td>
				<td class='step-details'>
						<textarea disabled class="code-block">org.openqa.selenium.WebDriverException: unknown error: Element <span class="oe_menu_text">...</span> is not clickable at point (762, 15). Other element would receive the click: <div class="o_loading" style="display: block;">...</div>
  (Session info: chrome=71.0.3578.98)
  (Driver info: chromedriver=73.0.3683.20 (8e2b610813e167eee3619ac4ce6e42e3ec622017),platform=Windows NT 10.0.17134 x86_64) (WARNING: The server did not provide any stacktrace information)
Command duration or timeout: 0 milliseconds
Build info: version: '3.141.59', revision: 'e82be7d358', time: '2018-11-14T08:17:03'
System info: host: 'BEASTPUTER', ip: '192.168.1.152', os.name: 'Windows 10', os.arch: 'amd64', os.version: '10.0', java.version: '1.8.0_191'
Driver info: org.openqa.selenium.chrome.ChromeDriver
Capabilities {acceptInsecureCerts: false, acceptSslCerts: false, applicationCacheEnabled: false, browserConnectionEnabled: false, browserName: chrome, chrome: {chromedriverVersion: 73.0.3683.20 (8e2b610813e16..., userDataDir: C:\Users\Roger\AppData\Loca...}, cssSelectorsEnabled: true, databaseEnabled: false, goog:chromeOptions: {debuggerAddress: localhost:58922}, handlesAlerts: true, hasTouchScreen: false, javascriptEnabled: true, locationContextEnabled: true, mobileEmulationEnabled: false, nativeEvents: true, networkConnectionEnabled: false, pageLoadStrategy: normal, platform: XP, platformName: XP, proxy: Proxy(), rotatable: false, setWindowRect: true, strictFileInteractability: false, takesHeapSnapshot: true, takesScreenshot: true, timeouts: {implicit: 0, pageLoad: 300000, script: 30000}, unexpectedAlertBehaviour: ignore, unhandledPromptBehavior: ignore, version: 71.0.3578.98, webStorageEnabled: true}
Session ID: 71204b294933c35e3988e871719d9d69
	at sun.reflect.NativeConstructorAccessorImpl.newInstance0(Native Method)
	at sun.reflect.NativeConstructorAccessorImpl.newInstance(NativeConstructorAccessorImpl.java:62)
	at sun.reflect.DelegatingConstructorAccessorImpl.newInstance(DelegatingConstructorAccessorImpl.java:45)
	at java.lang.reflect.Constructor.newInstance(Constructor.java:423)
	at org.openqa.selenium.remote.ErrorHandler.createThrowable(ErrorHandler.java:214)
	at org.openqa.selenium.remote.ErrorHandler.throwIfResponseFailed(ErrorHandler.java:166)
	at org.openqa.selenium.remote.http.JsonHttpResponseCodec.reconstructValue(JsonHttpResponseCodec.java:40)
	at org.openqa.selenium.remote.http.AbstractHttpResponseCodec.decode(AbstractHttpResponseCodec.java:80)
	at org.openqa.selenium.remote.http.AbstractHttpResponseCodec.decode(AbstractHttpResponseCodec.java:44)
	at org.openqa.selenium.remote.HttpCommandExecutor.execute(HttpCommandExecutor.java:158)
	at org.openqa.selenium.remote.service.DriverCommandExecutor.execute(DriverCommandExecutor.java:83)
	at org.openqa.selenium.remote.RemoteWebDriver.execute(RemoteWebDriver.java:552)
	at org.openqa.selenium.remote.RemoteWebElement.execute(RemoteWebElement.java:285)
	at org.openqa.selenium.remote.RemoteWebElement.click(RemoteWebElement.java:84)
	at sun.reflect.GeneratedMethodAccessor1.invoke(Unknown Source)
	at sun.reflect.DelegatingMethodAccessorImpl.invoke(DelegatingMethodAccessorImpl.java:43)
	at java.lang.reflect.Method.invoke(Method.java:498)
	at org.openqa.selenium.support.pagefactory.internal.LocatingElementHandler.invoke(LocatingElementHandler.java:51)
	at com.sun.proxy.$Proxy10.click(Unknown Source)
	at com.lunch.pages.LoginPage.clickLunchButton(LoginPage.java:55)
	at com.lunch.tests.smoke_tests.NewOrder.NewOrderTest(NewOrder.java:20)
	at sun.reflect.NativeMethodAccessorImpl.invoke0(Native Method)
	at sun.reflect.NativeMethodAccessorImpl.invoke(NativeMethodAccessorImpl.java:62)
	at sun.reflect.DelegatingMethodAccessorImpl.invoke(DelegatingMethodAccessorImpl.java:43)
	at java.lang.reflect.Method.invoke(Method.java:498)
	at org.testng.internal.MethodInvocationHelper.invokeMethod(MethodInvocationHelper.java:124)
	at org.testng.internal.Invoker.invokeMethod(Invoker.java:583)
	at org.testng.internal.Invoker.invokeTestMethod(Invoker.java:719)
	at org.testng.internal.Invoker.invokeTestMethods(Invoker.java:989)
	at org.testng.internal.TestMethodWorker.invokeTestMethods(TestMethodWorker.java:125)
	at org.testng.internal.TestMethodWorker.run(TestMethodWorker.java:109)
	at org.testng.TestRunner.privateRun(TestRunner.java:648)
	at org.testng.TestRunner.run(TestRunner.java:505)
	at org.testng.SuiteRunner.runTest(SuiteRunner.java:455)
	at org.testng.SuiteRunner.runSequentially(SuiteRunner.java:450)
	at org.testng.SuiteRunner.privateRun(SuiteRunner.java:415)
	at org.testng.SuiteRunner.run(SuiteRunner.java:364)
	at org.testng.SuiteRunnerWorker.runSuite(SuiteRunnerWorker.java:52)
	at org.testng.SuiteRunnerWorker.run(SuiteRunnerWorker.java:84)
	at org.testng.TestNG.runSuitesSequentially(TestNG.java:1208)
	at org.testng.TestNG.runSuitesLocally(TestNG.java:1137)
	at org.testng.TestNG.runSuites(TestNG.java:1049)
	at org.testng.TestNG.run(TestNG.java:1017)
	at org.testng.IDEARemoteTestNG.run(IDEARemoteTestNG.java:73)
	at org.testng.RemoteTestNGStarter.main(RemoteTestNGStarter.java:123)
</textarea>
					
				</td>
			</tr>
		</tbody>
	</table>
</div>
						<ul class='screenshots'>
							<li><img class='r-img' onerror='this.style.display="none"' data-featherlight='C:\Users\Roger\Documents\parallel-multi-browser-testng-framework\Framework_28/test-output/ScreenshotsNewOrderTest20190211044500.png' src='C:\Users\Roger\Documents\parallel-multi-browser-testng-framework\Framework_28/test-output/ScreenshotsNewOrderTest20190211044500.png' data-src='C:\Users\Roger\Documents\parallel-multi-browser-testng-framework\Framework_28/test-output/ScreenshotsNewOrderTest20190211044500.png'></li>
						</ul>
					</div>
				</li>
				<li class='test displayed active  pass' status='pass' bdd='false' test-id='29'>
					<div class='test-heading'>
						<span class='test-name'>Order and then Delete Test</span>
						<span class='test-time'>Feb 11, 2019 04:45:08 PM</span>
						<span class='test-status right pass'>pass</span>
					</div>
					<div class='test-content hide'>
<div class='test-time-info'>
	<span class='label start-time'>Feb 11, 2019 04:45:08 PM</span>
	<span class='label end-time'>Feb 11, 2019 04:45:08 PM</span>
	<span class='label time-taken grey lighten-1 white-text'>0h 0m 0s+0ms</span>
</div>
<div class='test-steps'>
	<table class='bordered table-results'>
		<thead>
			<tr>
				<th>Status</th>
				<th>Timestamp</th>
				<th>Details</th>
			</tr>
		</thead>
		<tbody>
			<tr class='log' status='info'>
				<td class='status info' title='info' alt='info'><i class='material-icons'>info_outline</i></td>
				<td class='timestamp'>4:45:08 PM</td>
				<td class='step-details'>
						Logging to the application
					
				</td>
			</tr>
			<tr class='log' status='info'>
				<td class='status info' title='info' alt='info'><i class='material-icons'>info_outline</i></td>
				<td class='timestamp'>4:45:11 PM</td>
				<td class='step-details'>
						Clicking on Lunch Button
					
				</td>
			</tr>
		</tbody>
	</table>
</div>
					</div>
				</li>
			</ul>
		</div>
	</div>
	<!-- subview left -->
	<div class='subview-right left'>
		<div class='view-summary'>
			<div id='step-filters' class="right sr-filters">
				<a class="btn-floating waves-effect waves-light green" status="pass" alt="pass" title="pass"><i class="material-icons">check_circle</i></a>
				<a class="btn-floating waves-effect waves-light red" status="fail" alt="fail" title="fail"><i class="material-icons">cancel</i></a>
				<a class="btn-floating waves-effect waves-light red darken-4" status="fatal" alt="fatal" title="fatal"><i class="material-icons">cancel</i></a>
				<a class="btn-floating waves-effect waves-light pink text-lighten-1" status="error" alt="error" title="error"><i class="material-icons">error</i></a>
				<a class="btn-floating waves-effect waves-light orange" alt="warning" status="warning" title="warning"><i class="material-icons">warning</i></a>
				<a class="btn-floating waves-effect waves-light teal" status="skip" alt="skip" title="skip"><i class="material-icons">redo</i></a>
				<a class="btn-floating waves-effect waves-light grey" status="clear" alt="Clear filters" title="Clear filters"><i class="material-icons">clear</i></a>
			</div>
			<h5 class='test-name'></h5>
		</div>
	</div>
	<!-- subview right -->
</div>
<!-- test view --><!-- category view --><div id='exception-view' class='view hide'>
	<section id='controls'>
		<div class='controls grey lighten-4'>
			<!-- search -->
			<div class='chip transparent' alt='Search Tests' title='Search Tests'>
				<a href="#" class='search-div'>
				<i class='material-icons'>search</i> Search
				</a>
				<div class='input-field left hide'>
					<input id='search-tests' type='text' class='validate browser-default' placeholder='Search Tests...'>
				</div>
			</div>
			<!-- search -->
		</div>
	</section>
	<div class='subview-left left'>
		<div class='view-summary'>
			<ul id='exception-collection' class='exception-collection'>
				<li class='exception displayed active'>
					<div class='exception-heading'>
						<span class='exception-name'>org.openqa.selenium.StaleElementReferenceException</span>
						<span class='exception-count right'><span class='label red lighten-1 white-text'>1</span></span>
					</div>
					<div class='exception-content hide'>
						<div class='exception-tests'>
							<table class='bordered table-results'>
								<thead>
									<tr>
										<th>Timestamp</th>
										<th>TestName</th>
										<th>Status</th>
									</tr>
								</thead>
								<tbody>
									<tr>
										<td>Feb 11, 2019 04:37:16 PM</td>
										<td class='linked' test-id='9'>Export already created register cash moves.</td>
										<td>
											<textarea disabled class="code-block">org.openqa.selenium.StaleElementReferenceException: stale element reference: element is not attached to the page document
  (Session info: chrome=71.0.3578.98)
  (Driver info: chromedriver=73.0.3683.20 (8e2b610813e167eee3619ac4ce6e42e3ec622017),platform=Windows NT 10.0.17134 x86_64) (WARNING: The server did not provide any stacktrace information)
Command duration or timeout: 0 milliseconds
For documentation on this error, please visit: https://www.seleniumhq.org/exceptions/stale_element_reference.html
Build info: version: '3.141.59', revision: 'e82be7d358', time: '2018-11-14T08:17:03'
System info: host: 'BEASTPUTER', ip: '192.168.1.152', os.name: 'Windows 10', os.arch: 'amd64', os.version: '10.0', java.version: '1.8.0_191'
Driver info: org.openqa.selenium.chrome.ChromeDriver
Capabilities {acceptInsecureCerts: false, acceptSslCerts: false, applicationCacheEnabled: false, browserConnectionEnabled: false, browserName: chrome, chrome: {chromedriverVersion: 73.0.3683.20 (8e2b610813e16..., userDataDir: C:\Users\Roger\AppData\Loca...}, cssSelectorsEnabled: true, databaseEnabled: false, goog:chromeOptions: {debuggerAddress: localhost:57494}, handlesAlerts: true, hasTouchScreen: false, javascriptEnabled: true, locationContextEnabled: true, mobileEmulationEnabled: false, nativeEvents: true, networkConnectionEnabled: false, pageLoadStrategy: normal, platform: XP, platformName: XP, proxy: Proxy(), rotatable: false, setWindowRect: true, strictFileInteractability: false, takesHeapSnapshot: true, takesScreenshot: true, timeouts: {implicit: 0, pageLoad: 300000, script: 30000}, unexpectedAlertBehaviour: ignore, unhandledPromptBehavior: ignore, version: 71.0.3578.98, webStorageEnabled: true}
Session ID: 4edf1a5698164b0ccefc0e822ee31750
	at sun.reflect.NativeConstructorAccessorImpl.newInstance0(Native Method)
	at sun.reflect.NativeConstructorAccessorImpl.newInstance(NativeConstructorAccessorImpl.java:62)
	at sun.reflect.DelegatingConstructorAccessorImpl.newInstance(DelegatingConstructorAccessorImpl.java:45)
	at java.lang.reflect.Constructor.newInstance(Constructor.java:423)
	at org.openqa.selenium.remote.ErrorHandler.createThrowable(ErrorHandler.java:214)
	at org.openqa.selenium.remote.ErrorHandler.throwIfResponseFailed(ErrorHandler.java:166)
	at org.openqa.selenium.remote.http.JsonHttpResponseCodec.reconstructValue(JsonHttpResponseCodec.java:40)
	at org.openqa.selenium.remote.http.AbstractHttpResponseCodec.decode(AbstractHttpResponseCodec.java:80)
	at org.openqa.selenium.remote.http.AbstractHttpResponseCodec.decode(AbstractHttpResponseCodec.java:44)
	at org.openqa.selenium.remote.HttpCommandExecutor.execute(HttpCommandExecutor.java:158)
	at org.openqa.selenium.remote.service.DriverCommandExecutor.execute(DriverCommandExecutor.java:83)
	at org.openqa.selenium.remote.RemoteWebDriver.execute(RemoteWebDriver.java:552)
	at org.openqa.selenium.remote.RemoteWebElement.execute(RemoteWebElement.java:285)
	at org.openqa.selenium.remote.RemoteWebElement.click(RemoteWebElement.java:84)
	at sun.reflect.GeneratedMethodAccessor1.invoke(Unknown Source)
	at sun.reflect.DelegatingMethodAccessorImpl.invoke(DelegatingMethodAccessorImpl.java:43)
	at java.lang.reflect.Method.invoke(Method.java:498)
	at org.openqa.selenium.support.pagefactory.internal.LocatingElementHandler.invoke(LocatingElementHandler.java:51)
	at com.sun.proxy.$Proxy10.click(Unknown Source)
	at com.lunch.pages.EmployeePaymentsPage.clickDelete(EmployeePaymentsPage.java:90)
	at com.lunch.tests.functional_tests.lunch.employeePaymentTab.deleteRegisterCash.exportCvs(deleteRegisterCash.java:33)
	at sun.reflect.NativeMethodAccessorImpl.invoke0(Native Method)
	at sun.reflect.NativeMethodAccessorImpl.invoke(NativeMethodAccessorImpl.java:62)
	at sun.reflect.DelegatingMethodAccessorImpl.invoke(DelegatingMethodAccessorImpl.java:43)
	at java.lang.reflect.Method.invoke(Method.java:498)
	at org.testng.internal.MethodInvocationHelper.invokeMethod(MethodInvocationHelper.java:124)
	at org.testng.internal.Invoker.invokeMethod(Invoker.java:583)
	at org.testng.internal.Invoker.invokeTestMethod(Invoker.java:719)
	at org.testng.internal.Invoker.invokeTestMethods(Invoker.java:989)
	at org.testng.internal.TestMethodWorker.invokeTestMethods(TestMethodWorker.java:125)
	at org.testng.internal.TestMethodWorker.run(TestMethodWorker.java:109)
	at org.testng.TestRunner.privateRun(TestRunner.java:648)
	at org.testng.TestRunner.run(TestRunner.java:505)
	at org.testng.SuiteRunner.runTest(SuiteRunner.java:455)
	at org.testng.SuiteRunner.runSequentially(SuiteRunner.java:450)
	at org.testng.SuiteRunner.privateRun(SuiteRunner.java:415)
	at org.testng.SuiteRunner.run(SuiteRunner.java:364)
	at org.testng.SuiteRunnerWorker.runSuite(SuiteRunnerWorker.java:52)
	at org.testng.SuiteRunnerWorker.run(SuiteRunnerWorker.java:84)
	at org.testng.TestNG.runSuitesSequentially(TestNG.java:1208)
	at org.testng.TestNG.runSuitesLocally(TestNG.java:1137)
	at org.testng.TestNG.runSuites(TestNG.java:1049)
	at org.testng.TestNG.run(TestNG.java:1017)
	at org.testng.IDEARemoteTestNG.run(IDEARemoteTestNG.java:73)
	at org.testng.RemoteTestNGStarter.main(RemoteTestNGStarter.java:123)
</textarea>
										</td>
									</tr>
								</tbody>
							</table>
						</div>
					</div>
				</li>
				<li class='exception displayed active'>
					<div class='exception-heading'>
						<span class='exception-name'>org.openqa.selenium.NoSuchElementException</span>
						<span class='exception-count right'><span class='label red lighten-1 white-text'>1</span></span>
					</div>
					<div class='exception-content hide'>
						<div class='exception-tests'>
							<table class='bordered table-results'>
								<thead>
									<tr>
										<th>Timestamp</th>
										<th>TestName</th>
										<th>Status</th>
									</tr>
								</thead>
								<tbody>
									<tr>
										<td>Feb 11, 2019 04:38:15 PM</td>
										<td class='linked' test-id='12'>New Order Smoke Test</td>
										<td>
											<textarea disabled class="code-block">org.openqa.selenium.NoSuchElementException: no such element: Unable to locate element: {"method":"css selector","selector":".o_lunch_vignette:nth-child(3) [type]"}
  (Session info: chrome=71.0.3578.98)
  (Driver info: chromedriver=73.0.3683.20 (8e2b610813e167eee3619ac4ce6e42e3ec622017),platform=Windows NT 10.0.17134 x86_64) (WARNING: The server did not provide any stacktrace information)
Command duration or timeout: 0 milliseconds
For documentation on this error, please visit: https://www.seleniumhq.org/exceptions/no_such_element.html
Build info: version: '3.141.59', revision: 'e82be7d358', time: '2018-11-14T08:17:03'
System info: host: 'BEASTPUTER', ip: '192.168.1.152', os.name: 'Windows 10', os.arch: 'amd64', os.version: '10.0', java.version: '1.8.0_191'
Driver info: org.openqa.selenium.chrome.ChromeDriver
Capabilities {acceptInsecureCerts: false, acceptSslCerts: false, applicationCacheEnabled: false, browserConnectionEnabled: false, browserName: chrome, chrome: {chromedriverVersion: 73.0.3683.20 (8e2b610813e16..., userDataDir: C:\Users\Roger\AppData\Loca...}, cssSelectorsEnabled: true, databaseEnabled: false, goog:chromeOptions: {debuggerAddress: localhost:57718}, handlesAlerts: true, hasTouchScreen: false, javascriptEnabled: true, locationContextEnabled: true, mobileEmulationEnabled: false, nativeEvents: true, networkConnectionEnabled: false, pageLoadStrategy: normal, platform: XP, platformName: XP, proxy: Proxy(), rotatable: false, setWindowRect: true, strictFileInteractability: false, takesHeapSnapshot: true, takesScreenshot: true, timeouts: {implicit: 0, pageLoad: 300000, script: 30000}, unexpectedAlertBehaviour: ignore, unhandledPromptBehavior: ignore, version: 71.0.3578.98, webStorageEnabled: true}
Session ID: 468effe7c910d1d7097c8a90c072759b
*** Element info: {Using=css selector, value=.o_lunch_vignette:nth-child(3) [type]}
	at sun.reflect.NativeConstructorAccessorImpl.newInstance0(Native Method)
	at sun.reflect.NativeConstructorAccessorImpl.newInstance(NativeConstructorAccessorImpl.java:62)
	at sun.reflect.DelegatingConstructorAccessorImpl.newInstance(DelegatingConstructorAccessorImpl.java:45)
	at java.lang.reflect.Constructor.newInstance(Constructor.java:423)
	at org.openqa.selenium.remote.ErrorHandler.createThrowable(ErrorHandler.java:214)
	at org.openqa.selenium.remote.ErrorHandler.throwIfResponseFailed(ErrorHandler.java:166)
	at org.openqa.selenium.remote.http.JsonHttpResponseCodec.reconstructValue(JsonHttpResponseCodec.java:40)
	at org.openqa.selenium.remote.http.AbstractHttpResponseCodec.decode(AbstractHttpResponseCodec.java:80)
	at org.openqa.selenium.remote.http.AbstractHttpResponseCodec.decode(AbstractHttpResponseCodec.java:44)
	at org.openqa.selenium.remote.HttpCommandExecutor.execute(HttpCommandExecutor.java:158)
	at org.openqa.selenium.remote.service.DriverCommandExecutor.execute(DriverCommandExecutor.java:83)
	at org.openqa.selenium.remote.RemoteWebDriver.execute(RemoteWebDriver.java:552)
	at org.openqa.selenium.remote.RemoteWebDriver.findElement(RemoteWebDriver.java:323)
	at org.openqa.selenium.remote.RemoteWebDriver.findElementByCssSelector(RemoteWebDriver.java:420)
	at org.openqa.selenium.By$ByCssSelector.findElement(By.java:431)
	at org.openqa.selenium.remote.RemoteWebDriver.findElement(RemoteWebDriver.java:315)
	at org.openqa.selenium.support.pagefactory.DefaultElementLocator.findElement(DefaultElementLocator.java:69)
	at org.openqa.selenium.support.pagefactory.internal.LocatingElementHandler.invoke(LocatingElementHandler.java:38)
	at com.sun.proxy.$Proxy10.click(Unknown Source)
	at com.lunch.pages.NewOrderPage.clickAddCheeseburger(NewOrderPage.java:29)
	at com.lunch.tests.functional_tests.lunch.NewOrder.CreateNewOrder.NewOrderTest(CreateNewOrder.java:23)
	at sun.reflect.NativeMethodAccessorImpl.invoke0(Native Method)
	at sun.reflect.NativeMethodAccessorImpl.invoke(NativeMethodAccessorImpl.java:62)
	at sun.reflect.DelegatingMethodAccessorImpl.invoke(DelegatingMethodAccessorImpl.java:43)
	at java.lang.reflect.Method.invoke(Method.java:498)
	at org.testng.internal.MethodInvocationHelper.invokeMethod(MethodInvocationHelper.java:124)
	at org.testng.internal.Invoker.invokeMethod(Invoker.java:583)
	at org.testng.internal.Invoker.invokeTestMethod(Invoker.java:719)
	at org.testng.internal.Invoker.invokeTestMethods(Invoker.java:989)
	at org.testng.internal.TestMethodWorker.invokeTestMethods(TestMethodWorker.java:125)
	at org.testng.internal.TestMethodWorker.run(TestMethodWorker.java:109)
	at org.testng.TestRunner.privateRun(TestRunner.java:648)
	at org.testng.TestRunner.run(TestRunner.java:505)
	at org.testng.SuiteRunner.runTest(SuiteRunner.java:455)
	at org.testng.SuiteRunner.runSequentially(SuiteRunner.java:450)
	at org.testng.SuiteRunner.privateRun(SuiteRunner.java:415)
	at org.testng.SuiteRunner.run(SuiteRunner.java:364)
	at org.testng.SuiteRunnerWorker.runSuite(SuiteRunnerWorker.java:52)
	at org.testng.SuiteRunnerWorker.run(SuiteRunnerWorker.java:84)
	at org.testng.TestNG.runSuitesSequentially(TestNG.java:1208)
	at org.testng.TestNG.runSuitesLocally(TestNG.java:1137)
	at org.testng.TestNG.runSuites(TestNG.java:1049)
	at org.testng.TestNG.run(TestNG.java:1017)
	at org.testng.IDEARemoteTestNG.run(IDEARemoteTestNG.java:73)
	at org.testng.RemoteTestNGStarter.main(RemoteTestNGStarter.java:123)
</textarea>
										</td>
									</tr>
								</tbody>
							</table>
						</div>
					</div>
				</li>
				<li class='exception displayed active'>
					<div class='exception-heading'>
						<span class='exception-name'>org.openqa.selenium.WebDriverException</span>
						<span class='exception-count right'><span class='label red lighten-1 white-text'>2</span></span>
					</div>
					<div class='exception-content hide'>
						<div class='exception-tests'>
							<table class='bordered table-results'>
								<thead>
									<tr>
										<th>Timestamp</th>
										<th>TestName</th>
										<th>Status</th>
									</tr>
								</thead>
								<tbody>
									<tr>
										<td>Feb 11, 2019 04:39:32 PM</td>
										<td class='linked' test-id='15'>Add function when exporting at Control Accounts Tab</td>
										<td>
											<textarea disabled class="code-block">org.openqa.selenium.WebDriverException: unknown error: Element <span class="oe_menu_text">...</span> is not clickable at point (762, 15). Other element would receive the click: <div class="o_loading" style="display: block;">...</div>
  (Session info: chrome=71.0.3578.98)
  (Driver info: chromedriver=73.0.3683.20 (8e2b610813e167eee3619ac4ce6e42e3ec622017),platform=Windows NT 10.0.17134 x86_64) (WARNING: The server did not provide any stacktrace information)
Command duration or timeout: 0 milliseconds
Build info: version: '3.141.59', revision: 'e82be7d358', time: '2018-11-14T08:17:03'
System info: host: 'BEASTPUTER', ip: '192.168.1.152', os.name: 'Windows 10', os.arch: 'amd64', os.version: '10.0', java.version: '1.8.0_191'
Driver info: org.openqa.selenium.chrome.ChromeDriver
Capabilities {acceptInsecureCerts: false, acceptSslCerts: false, applicationCacheEnabled: false, browserConnectionEnabled: false, browserName: chrome, chrome: {chromedriverVersion: 73.0.3683.20 (8e2b610813e16..., userDataDir: C:\Users\Roger\AppData\Loca...}, cssSelectorsEnabled: true, databaseEnabled: false, goog:chromeOptions: {debuggerAddress: localhost:57948}, handlesAlerts: true, hasTouchScreen: false, javascriptEnabled: true, locationContextEnabled: true, mobileEmulationEnabled: false, nativeEvents: true, networkConnectionEnabled: false, pageLoadStrategy: normal, platform: XP, platformName: XP, proxy: Proxy(), rotatable: false, setWindowRect: true, strictFileInteractability: false, takesHeapSnapshot: true, takesScreenshot: true, timeouts: {implicit: 0, pageLoad: 300000, script: 30000}, unexpectedAlertBehaviour: ignore, unhandledPromptBehavior: ignore, version: 71.0.3578.98, webStorageEnabled: true}
Session ID: e8402aa1787f3e8768f532e812073f70
	at sun.reflect.NativeConstructorAccessorImpl.newInstance0(Native Method)
	at sun.reflect.NativeConstructorAccessorImpl.newInstance(NativeConstructorAccessorImpl.java:62)
	at sun.reflect.DelegatingConstructorAccessorImpl.newInstance(DelegatingConstructorAccessorImpl.java:45)
	at java.lang.reflect.Constructor.newInstance(Constructor.java:423)
	at org.openqa.selenium.remote.ErrorHandler.createThrowable(ErrorHandler.java:214)
	at org.openqa.selenium.remote.ErrorHandler.throwIfResponseFailed(ErrorHandler.java:166)
	at org.openqa.selenium.remote.http.JsonHttpResponseCodec.reconstructValue(JsonHttpResponseCodec.java:40)
	at org.openqa.selenium.remote.http.AbstractHttpResponseCodec.decode(AbstractHttpResponseCodec.java:80)
	at org.openqa.selenium.remote.http.AbstractHttpResponseCodec.decode(AbstractHttpResponseCodec.java:44)
	at org.openqa.selenium.remote.HttpCommandExecutor.execute(HttpCommandExecutor.java:158)
	at org.openqa.selenium.remote.service.DriverCommandExecutor.execute(DriverCommandExecutor.java:83)
	at org.openqa.selenium.remote.RemoteWebDriver.execute(RemoteWebDriver.java:552)
	at org.openqa.selenium.remote.RemoteWebElement.execute(RemoteWebElement.java:285)
	at org.openqa.selenium.remote.RemoteWebElement.click(RemoteWebElement.java:84)
	at sun.reflect.GeneratedMethodAccessor1.invoke(Unknown Source)
	at sun.reflect.DelegatingMethodAccessorImpl.invoke(DelegatingMethodAccessorImpl.java:43)
	at java.lang.reflect.Method.invoke(Method.java:498)
	at org.openqa.selenium.support.pagefactory.internal.LocatingElementHandler.invoke(LocatingElementHandler.java:51)
	at com.sun.proxy.$Proxy10.click(Unknown Source)
	at com.lunch.pages.LoginPage.clickLunchButton(LoginPage.java:55)
	at com.lunch.tests.functional_tests.lunch.OpenNewAccountTest.verifyingNewAccountAmount(OpenNewAccountTest.java:104)
	at sun.reflect.NativeMethodAccessorImpl.invoke0(Native Method)
	at sun.reflect.NativeMethodAccessorImpl.invoke(NativeMethodAccessorImpl.java:62)
	at sun.reflect.DelegatingMethodAccessorImpl.invoke(DelegatingMethodAccessorImpl.java:43)
	at java.lang.reflect.Method.invoke(Method.java:498)
	at org.testng.internal.MethodInvocationHelper.invokeMethod(MethodInvocationHelper.java:124)
	at org.testng.internal.Invoker.invokeMethod(Invoker.java:583)
	at org.testng.internal.Invoker.invokeTestMethod(Invoker.java:719)
	at org.testng.internal.Invoker.invokeTestMethods(Invoker.java:989)
	at org.testng.internal.TestMethodWorker.invokeTestMethods(TestMethodWorker.java:125)
	at org.testng.internal.TestMethodWorker.run(TestMethodWorker.java:109)
	at org.testng.TestRunner.privateRun(TestRunner.java:648)
	at org.testng.TestRunner.run(TestRunner.java:505)
	at org.testng.SuiteRunner.runTest(SuiteRunner.java:455)
	at org.testng.SuiteRunner.runSequentially(SuiteRunner.java:450)
	at org.testng.SuiteRunner.privateRun(SuiteRunner.java:415)
	at org.testng.SuiteRunner.run(SuiteRunner.java:364)
	at org.testng.SuiteRunnerWorker.runSuite(SuiteRunnerWorker.java:52)
	at org.testng.SuiteRunnerWorker.run(SuiteRunnerWorker.java:84)
	at org.testng.TestNG.runSuitesSequentially(TestNG.java:1208)
	at org.testng.TestNG.runSuitesLocally(TestNG.java:1137)
	at org.testng.TestNG.runSuites(TestNG.java:1049)
	at org.testng.TestNG.run(TestNG.java:1017)
	at org.testng.IDEARemoteTestNG.run(IDEARemoteTestNG.java:73)
	at org.testng.RemoteTestNGStarter.main(RemoteTestNGStarter.java:123)
</textarea>
										</td>
									</tr>
									<tr>
										<td>Feb 11, 2019 04:44:48 PM</td>
										<td class='linked' test-id='28'>New Order Smoke Test</td>
										<td>
											<textarea disabled class="code-block">org.openqa.selenium.WebDriverException: unknown error: Element <span class="oe_menu_text">...</span> is not clickable at point (762, 15). Other element would receive the click: <div class="o_loading" style="display: block;">...</div>
  (Session info: chrome=71.0.3578.98)
  (Driver info: chromedriver=73.0.3683.20 (8e2b610813e167eee3619ac4ce6e42e3ec622017),platform=Windows NT 10.0.17134 x86_64) (WARNING: The server did not provide any stacktrace information)
Command duration or timeout: 0 milliseconds
Build info: version: '3.141.59', revision: 'e82be7d358', time: '2018-11-14T08:17:03'
System info: host: 'BEASTPUTER', ip: '192.168.1.152', os.name: 'Windows 10', os.arch: 'amd64', os.version: '10.0', java.version: '1.8.0_191'
Driver info: org.openqa.selenium.chrome.ChromeDriver
Capabilities {acceptInsecureCerts: false, acceptSslCerts: false, applicationCacheEnabled: false, browserConnectionEnabled: false, browserName: chrome, chrome: {chromedriverVersion: 73.0.3683.20 (8e2b610813e16..., userDataDir: C:\Users\Roger\AppData\Loca...}, cssSelectorsEnabled: true, databaseEnabled: false, goog:chromeOptions: {debuggerAddress: localhost:58922}, handlesAlerts: true, hasTouchScreen: false, javascriptEnabled: true, locationContextEnabled: true, mobileEmulationEnabled: false, nativeEvents: true, networkConnectionEnabled: false, pageLoadStrategy: normal, platform: XP, platformName: XP, proxy: Proxy(), rotatable: false, setWindowRect: true, strictFileInteractability: false, takesHeapSnapshot: true, takesScreenshot: true, timeouts: {implicit: 0, pageLoad: 300000, script: 30000}, unexpectedAlertBehaviour: ignore, unhandledPromptBehavior: ignore, version: 71.0.3578.98, webStorageEnabled: true}
Session ID: 71204b294933c35e3988e871719d9d69
	at sun.reflect.NativeConstructorAccessorImpl.newInstance0(Native Method)
	at sun.reflect.NativeConstructorAccessorImpl.newInstance(NativeConstructorAccessorImpl.java:62)
	at sun.reflect.DelegatingConstructorAccessorImpl.newInstance(DelegatingConstructorAccessorImpl.java:45)
	at java.lang.reflect.Constructor.newInstance(Constructor.java:423)
	at org.openqa.selenium.remote.ErrorHandler.createThrowable(ErrorHandler.java:214)
	at org.openqa.selenium.remote.ErrorHandler.throwIfResponseFailed(ErrorHandler.java:166)
	at org.openqa.selenium.remote.http.JsonHttpResponseCodec.reconstructValue(JsonHttpResponseCodec.java:40)
	at org.openqa.selenium.remote.http.AbstractHttpResponseCodec.decode(AbstractHttpResponseCodec.java:80)
	at org.openqa.selenium.remote.http.AbstractHttpResponseCodec.decode(AbstractHttpResponseCodec.java:44)
	at org.openqa.selenium.remote.HttpCommandExecutor.execute(HttpCommandExecutor.java:158)
	at org.openqa.selenium.remote.service.DriverCommandExecutor.execute(DriverCommandExecutor.java:83)
	at org.openqa.selenium.remote.RemoteWebDriver.execute(RemoteWebDriver.java:552)
	at org.openqa.selenium.remote.RemoteWebElement.execute(RemoteWebElement.java:285)
	at org.openqa.selenium.remote.RemoteWebElement.click(RemoteWebElement.java:84)
	at sun.reflect.GeneratedMethodAccessor1.invoke(Unknown Source)
	at sun.reflect.DelegatingMethodAccessorImpl.invoke(DelegatingMethodAccessorImpl.java:43)
	at java.lang.reflect.Method.invoke(Method.java:498)
	at org.openqa.selenium.support.pagefactory.internal.LocatingElementHandler.invoke(LocatingElementHandler.java:51)
	at com.sun.proxy.$Proxy10.click(Unknown Source)
	at com.lunch.pages.LoginPage.clickLunchButton(LoginPage.java:55)
	at com.lunch.tests.smoke_tests.NewOrder.NewOrderTest(NewOrder.java:20)
	at sun.reflect.NativeMethodAccessorImpl.invoke0(Native Method)
	at sun.reflect.NativeMethodAccessorImpl.invoke(NativeMethodAccessorImpl.java:62)
	at sun.reflect.DelegatingMethodAccessorImpl.invoke(DelegatingMethodAccessorImpl.java:43)
	at java.lang.reflect.Method.invoke(Method.java:498)
	at org.testng.internal.MethodInvocationHelper.invokeMethod(MethodInvocationHelper.java:124)
	at org.testng.internal.Invoker.invokeMethod(Invoker.java:583)
	at org.testng.internal.Invoker.invokeTestMethod(Invoker.java:719)
	at org.testng.internal.Invoker.invokeTestMethods(Invoker.java:989)
	at org.testng.internal.TestMethodWorker.invokeTestMethods(TestMethodWorker.java:125)
	at org.testng.internal.TestMethodWorker.run(TestMethodWorker.java:109)
	at org.testng.TestRunner.privateRun(TestRunner.java:648)
	at org.testng.TestRunner.run(TestRunner.java:505)
	at org.testng.SuiteRunner.runTest(SuiteRunner.java:455)
	at org.testng.SuiteRunner.runSequentially(SuiteRunner.java:450)
	at org.testng.SuiteRunner.privateRun(SuiteRunner.java:415)
	at org.testng.SuiteRunner.run(SuiteRunner.java:364)
	at org.testng.SuiteRunnerWorker.runSuite(SuiteRunnerWorker.java:52)
	at org.testng.SuiteRunnerWorker.run(SuiteRunnerWorker.java:84)
	at org.testng.TestNG.runSuitesSequentially(TestNG.java:1208)
	at org.testng.TestNG.runSuitesLocally(TestNG.java:1137)
	at org.testng.TestNG.runSuites(TestNG.java:1049)
	at org.testng.TestNG.run(TestNG.java:1017)
	at org.testng.IDEARemoteTestNG.run(IDEARemoteTestNG.java:73)
	at org.testng.RemoteTestNGStarter.main(RemoteTestNGStarter.java:123)
</textarea>
										</td>
									</tr>
								</tbody>
							</table>
						</div>
					</div>
				</li>
				<li class='exception displayed active'>
					<div class='exception-heading'>
						<span class='exception-name'>java.lang.AssertionError</span>
						<span class='exception-count right'><span class='label red lighten-1 white-text'>1</span></span>
					</div>
					<div class='exception-content hide'>
						<div class='exception-tests'>
							<table class='bordered table-results'>
								<thead>
									<tr>
										<th>Timestamp</th>
										<th>TestName</th>
										<th>Status</th>
									</tr>
								</thead>
								<tbody>
									<tr>
										<td>Feb 11, 2019 04:40:52 PM</td>
										<td class='linked' test-id='19'>Checkbox Test</td>
										<td>
											<textarea disabled class="code-block">java.lang.AssertionError: expected [true] but found [false]
	at org.testng.Assert.fail(Assert.java:96)
	at org.testng.Assert.failNotEquals(Assert.java:776)
	at org.testng.Assert.assertTrue(Assert.java:44)
	at org.testng.Assert.assertTrue(Assert.java:54)
	at com.lunch.tests.functional_tests.lunch.PreviousPage.CheckBoxTest.checkBoxTest(CheckBoxTest.java:27)
	at sun.reflect.NativeMethodAccessorImpl.invoke0(Native Method)
	at sun.reflect.NativeMethodAccessorImpl.invoke(NativeMethodAccessorImpl.java:62)
	at sun.reflect.DelegatingMethodAccessorImpl.invoke(DelegatingMethodAccessorImpl.java:43)
	at java.lang.reflect.Method.invoke(Method.java:498)
	at org.testng.internal.MethodInvocationHelper.invokeMethod(MethodInvocationHelper.java:124)
	at org.testng.internal.Invoker.invokeMethod(Invoker.java:583)
	at org.testng.internal.Invoker.invokeTestMethod(Invoker.java:719)
	at org.testng.internal.Invoker.invokeTestMethods(Invoker.java:989)
	at org.testng.internal.TestMethodWorker.invokeTestMethods(TestMethodWorker.java:125)
	at org.testng.internal.TestMethodWorker.run(TestMethodWorker.java:109)
	at org.testng.TestRunner.privateRun(TestRunner.java:648)
	at org.testng.TestRunner.run(TestRunner.java:505)
	at org.testng.SuiteRunner.runTest(SuiteRunner.java:455)
	at org.testng.SuiteRunner.runSequentially(SuiteRunner.java:450)
	at org.testng.SuiteRunner.privateRun(SuiteRunner.java:415)
	at org.testng.SuiteRunner.run(SuiteRunner.java:364)
	at org.testng.SuiteRunnerWorker.runSuite(SuiteRunnerWorker.java:52)
	at org.testng.SuiteRunnerWorker.run(SuiteRunnerWorker.java:84)
	at org.testng.TestNG.runSuitesSequentially(TestNG.java:1208)
	at org.testng.TestNG.runSuitesLocally(TestNG.java:1137)
	at org.testng.TestNG.runSuites(TestNG.java:1049)
	at org.testng.TestNG.run(TestNG.java:1017)
	at org.testng.IDEARemoteTestNG.run(IDEARemoteTestNG.java:73)
	at org.testng.RemoteTestNGStarter.main(RemoteTestNGStarter.java:123)
</textarea>
										</td>
									</tr>
								</tbody>
							</table>
						</div>
					</div>
				</li>
			</ul>
		</div>
	</div>
	<div class='subview-right left'>
		<div class='view-summary'>
			<h5 class='exception-name'></h5>
		</div>
	</div>
</div>
<!-- exception view --><div id='dashboard-view' class='view hide'>
	<div class='card-panel transparent np-v'>
		<h5>Dashboard</h5>

		<div class='row'>
			<div class='col s2'>
				<div class='card-panel r'>
					Tests
					<div class='panel-lead'>29</div>
				</div>
			</div>
			<div class='col s2'>
				<div class='card-panel r'>
					Steps
					<div class='panel-lead'>0</div>
				</div>
			</div>
			<div class='col s2'>
				<div class='card-panel r'>
					Start
					<div class='panel-lead'>Feb 11, 2019 04:34:45 PM</div>
				</div>
			</div>
			<div class='col s2'>
				<div class='card-panel r'>
			 		End
			 		<div class='panel-lead'>Feb 11, 2019 04:45:17 PM</div>
				</div>
			</div>
			<div class='col s2'>
				<div class='card-panel r'>
					Time Taken
					<div class='panel-lead'>0h 10m 32s+316ms</div>
				</div>
			</div>
			<div class='col s4'>
				<div class='card-panel dashboard-environment'>
					<span class='right label cyan white-text'>Environment</span><p>&nbsp;</p>
					
					<table>
						<tr>
							<th>Name</th>
							<th>Value</th>
						</tr>
							<tr>
								<td>Environment</td>
								<td>Staging</td>
							</tr>
							<tr>
								<td>Browser</td>
								<td>chrome</td>
							</tr>
							<tr>
								<td>OS</td>
								<td>Windows 10</td>
							</tr>
					</table>
				</div>
			</div>
		</div>
	</div>
</div>
<!-- dashboard view -->
<!-- testrunner-logs view -->		</div>
		<!-- container -->
		<script>
			var statusGroup = {
                parentCount: 29,
				passParent: 24,
				failParent: 5,
				fatalParent: 0,
				errorParent: 0,
				warningParent: 0,
				skipParent: 0,
				exceptionsParent: 5,
				childCount: 0,
				passChild: 0,
				failChild: 0,
				fatalChild: 0,
				errorChild: 0,
				warningChild: 0,
				skipChild: 0,
				infoChild: 0,
				debugChild: 0,
				exceptionsChild: 0,
				grandChildCount: 0,
				passGrandChild: 0,
				failGrandChild: 0,
				fatalGrandChild: 0,
				errorGrandChild: 0,
				warningGrandChild: 0,
				skipGrandChild: 0,
				infoGrandChild: 0,
				debugGrandChild: 0,
				exceptionsGrandChild: 0,
			};
		</script>
		<script>
			var timeline = {
			        "Positive Login Test as a Manager":0,"Positive Login Test as a User":0,"Alerts Page check list check":0,"Alerts Page check list check":0,"Alerts Page check list check":0,"Alerts Page check list check":0,"Compare the total amounts of the accounts":0.001,"Create Register Test":0,"Export already created register cash moves.":0,"Export already created register cash moves.":0,"Feeling Lucky Link Test":0,"New Order Smoke Test":0,"Add function when exporting at Control Accounts Tab":0,"Add function when exporting at Control Accounts Tab":0,"Add function when exporting at Control Accounts Tab":0,"Add function when exporting at Control Accounts Tab":0,"Trying to delete a previous order":0,"Add function when exporting at Control Accounts Tab":0,"Checkbox Test":0,"Delete Checkbox Item":0,"Your Order Displayed Test":0,"Create new product category test":0,"Delete last item in product categories":0,"Delete already created product.":0,"Create new product test":0,"Reorder Product Columns Test":0,"Add function when exporting at Control Accounts Tab":0,"New Order Smoke Test":0,"Order and then Delete Test":0
			};
		</script>
		<script src='https://cdn.rawgit.com/extent-framework/extent-github-cdn/c23457b/v3html/js/extent.js' type='text/javascript'></script>
		<script type='text/javascript'>
		</script>
	</body>
</html>